{
  level: 'error',
  message: 'HTTP POST /receive-data',
  metadata: {
    meta: {
      req: {
        url: '/receive-data',
        headers: {
          'content-type': 'application/json',
          'user-agent': 'PostmanRuntime/7.32.3',
          accept: '*/*',
          'postman-token': '20bcfa51-3151-4b45-9eba-7bb47b4c2727',
          host: 'localhost:9000',
          'accept-encoding': 'gzip, deflate, br',
          connection: 'keep-alive',
          'content-length': '188',
          cookie: 'connect.sid=s%3A-7FYdwqdaqSxAgpg56I0m6a63iP3Ydc-.FyTqD%2Ff%2BJDM8dTsZEj3YodITNWqEVWoqI%2FWerP%2BeGN4'
        },
        method: 'POST',
        httpVersion: '1.1',
        originalUrl: '/receive-data',
        query: {}
      },
      res: { statusCode: 500 },
      responseTime: 14
    },
    timestamp: '2023-09-15T13:09:31.859Z'
  }
}
{
  level: 'error',
  message: 'HTTP POST /receive-data',
  metadata: {
    meta: {
      req: {
        url: '/receive-data',
        headers: {
          'content-type': 'application/json',
          'user-agent': 'PostmanRuntime/7.33.0',
          accept: '*/*',
          'postman-token': '0d31b05f-b2cc-4c28-9bd1-7e81b2b45582',
          host: 'localhost:9000',
          'accept-encoding': 'gzip, deflate, br',
          connection: 'keep-alive',
          'content-length': '188'
        },
        method: 'POST',
        httpVersion: '1.1',
        originalUrl: '/receive-data',
        query: {}
      },
      res: { statusCode: 500 },
      responseTime: 645
    },
    timestamp: '2023-09-17T04:21:06.791Z'
  }
}
{
  level: 'error',
  message: "Error transferring data to the smart contract: Cannot read properties of undefined (reading 'length')",
  metadata: {
    stack: "TypeError: Cannot read properties of undefined (reading 'length')\n" +
      '    at ABICoder.formatParam (D:\\RIS\\FYP\\combinenodejs\\node_modules\\web3-eth-abi\\src\\index.js:269:30)\n' +
      '    at D:\\RIS\\FYP\\combinenodejs\\node_modules\\web3-eth-abi\\src\\index.js:112:22\n' +
      '    at Array.map (<anonymous>)\n' +
      '    at ABICoder.encodeParameters (D:\\RIS\\FYP\\combinenodejs\\node_modules\\web3-eth-abi\\src\\index.js:105:21)\n' +
      '    at D:\\RIS\\FYP\\combinenodejs\\node_modules\\web3-eth-contract\\src\\index.js:531:24\n' +
      '    at Array.map (<anonymous>)\n' +
      '    at Object._encodeMethodABI (D:\\RIS\\FYP\\combinenodejs\\node_modules\\web3-eth-contract\\src\\index.js:530:12)\n' +
      '    at D:\\RIS\\FYP\\combinenodejs\\server.js:185:7\n' +
      '    at process.processTicksAndRejections (node:internal/process/task_queues:95:5)',
    timestamp: '2023-09-17T04:22:49.727Z'
  }
}
{
  level: 'error',
  message: 'HTTP GET /transfer-data',
  metadata: {
    meta: {
      req: {
        url: '/transfer-data',
        headers: {
          host: 'localhost:9000',
          connection: 'keep-alive',
          'sec-ch-ua': '"Chromium";v="116", "Not)A;Brand";v="24", "Google Chrome";v="116"',
          'sec-ch-ua-mobile': '?0',
          'sec-ch-ua-platform': '"Windows"',
          'upgrade-insecure-requests': '1',
          'user-agent': 'Mozilla/5.0 (Windows NT 10.0; Win64; x64) AppleWebKit/537.36 (KHTML, like Gecko) Chrome/116.0.0.0 Safari/537.36',
          accept: 'text/html,application/xhtml+xml,application/xml;q=0.9,image/avif,image/webp,image/apng,*/*;q=0.8,application/signed-exchange;v=b3;q=0.7',
          'sec-fetch-site': 'none',
          'sec-fetch-mode': 'navigate',
          'sec-fetch-user': '?1',
          'sec-fetch-dest': 'document',
          'accept-encoding': 'gzip, deflate, br',
          'accept-language': 'en-US,en;q=0.9',
          cookie: 'connect.sid=s%3AXrArVKsoyjo6ghE2foofTejxhca21e1j.xaQlgVXLE34SwpQLoiIDI3jcdpOTBa4CLu%2FyuZU9DSk'
        },
        method: 'GET',
        httpVersion: '1.1',
        originalUrl: '/transfer-data',
        query: {}
      },
      res: { statusCode: 500 },
      responseTime: 16
    },
    timestamp: '2023-09-17T04:22:49.731Z'
  }
}
{
  level: 'error',
  message: "Error transferring data to the smart contract: Cannot read properties of undefined (reading 'length')",
  metadata: {
    stack: "TypeError: Cannot read properties of undefined (reading 'length')\n" +
      '    at ABICoder.formatParam (D:\\RIS\\FYP\\combinenodejs\\node_modules\\web3-eth-abi\\src\\index.js:269:30)\n' +
      '    at D:\\RIS\\FYP\\combinenodejs\\node_modules\\web3-eth-abi\\src\\index.js:112:22\n' +
      '    at Array.map (<anonymous>)\n' +
      '    at ABICoder.encodeParameters (D:\\RIS\\FYP\\combinenodejs\\node_modules\\web3-eth-abi\\src\\index.js:105:21)\n' +
      '    at D:\\RIS\\FYP\\combinenodejs\\node_modules\\web3-eth-contract\\src\\index.js:531:24\n' +
      '    at Array.map (<anonymous>)\n' +
      '    at Object._encodeMethodABI (D:\\RIS\\FYP\\combinenodejs\\node_modules\\web3-eth-contract\\src\\index.js:530:12)\n' +
      '    at D:\\RIS\\FYP\\combinenodejs\\server.js:185:7\n' +
      '    at process.processTicksAndRejections (node:internal/process/task_queues:95:5)',
    timestamp: '2023-09-17T04:22:49.836Z'
  }
}
{
  level: 'error',
  message: 'HTTP GET /transfer-data',
  metadata: {
    meta: {
      req: {
        url: '/transfer-data',
        headers: {
          host: 'localhost:9000',
          connection: 'keep-alive',
          'user-agent': 'Mozilla/5.0 (Windows NT 10.0; Win64; x64) AppleWebKit/537.36 (KHTML, like Gecko) Chrome/116.0.0.0 Safari/537.36',
          accept: '*/*',
          'sec-fetch-site': 'none',
          'sec-fetch-mode': 'cors',
          'sec-fetch-dest': 'empty',
          'accept-encoding': 'gzip, deflate, br',
          'accept-language': 'en-US,en;q=0.9',
          cookie: 'connect.sid=s%3AXrArVKsoyjo6ghE2foofTejxhca21e1j.xaQlgVXLE34SwpQLoiIDI3jcdpOTBa4CLu%2FyuZU9DSk'
        },
        method: 'GET',
        httpVersion: '1.1',
        originalUrl: '/transfer-data',
        query: {}
      },
      res: { statusCode: 500 },
      responseTime: 15
    },
    timestamp: '2023-09-17T04:22:49.839Z'
  }
}
{
  level: 'error',
  message: 'HTTP GET /add-review-to-contract',
  metadata: {
    meta: {
      req: {
        url: '/add-review-to-contract',
        headers: {
          host: '192.168.100.169:9000',
          accept: '*/*',
          connection: 'keep-alive',
          cookie: 'connect.sid=s%3AEPjHy9TUeoF-AOqj4HFb6ScDCpBjJlNF.Bb6EJq6SrYQM%2Fo69pclM7ankHCEdowrfbEu1IVbo7Bs',
          'user-agent': 'Mozilla/5.0 (iPhone; CPU iPhone OS 16_6_1 like Mac OS X) AppleWebKit/605.1.15 (KHTML, like Gecko) Version/16.6 Mobile/15E148 Safari/604.1',
          'accept-language': 'en-GB,en;q=0.9',
          referer: 'http://192.168.100.169:9000/admin/dashboard',
          'accept-encoding': 'gzip, deflate'
        },
        method: 'GET',
        httpVersion: '1.1',
        originalUrl: '/add-review-to-contract',
        query: {}
      },
      res: { statusCode: 500 },
      responseTime: 22
    },
    timestamp: '2023-09-17T05:41:48.134Z'
  }
}
{
  level: 'error',
  message: 'HTTP GET /add-review-to-contract',
  metadata: {
    meta: {
      req: {
        url: '/add-review-to-contract',
        headers: {
          host: 'localhost:9000',
          connection: 'keep-alive',
          'sec-ch-ua': '"Chromium";v="116", "Not)A;Brand";v="24", "Google Chrome";v="116"',
          'sec-ch-ua-mobile': '?0',
          'user-agent': 'Mozilla/5.0 (Windows NT 10.0; Win64; x64) AppleWebKit/537.36 (KHTML, like Gecko) Chrome/116.0.0.0 Safari/537.36',
          'sec-ch-ua-platform': '"Windows"',
          accept: '*/*',
          'sec-fetch-site': 'same-origin',
          'sec-fetch-mode': 'cors',
          'sec-fetch-dest': 'empty',
          referer: 'http://localhost:9000/admin/dashboard',
          'accept-encoding': 'gzip, deflate, br',
          'accept-language': 'en-US,en;q=0.9',
          cookie: 'connect.sid=s%3AbK9vzjlYhrzGnNV8lBebMk6AhYDjMVUF.idNooymafRQWmK6zVl%2Bp0N%2FPfXTxGSwCkQpnMNhL%2FTk',
          'if-none-match': 'W/"4a-ANUj2ZkxIccxkPfCAWVsMBNKLX4"'
        },
        method: 'GET',
        httpVersion: '1.1',
        originalUrl: '/add-review-to-contract',
        query: {}
      },
      res: { statusCode: 500 },
      responseTime: 13
    },
    timestamp: '2023-09-17T05:42:34.864Z'
  }
}
{
  level: 'error',
  message: 'HTTP GET /add-review-to-contract',
  metadata: {
    meta: {
      req: {
        url: '/add-review-to-contract',
        headers: {
          host: 'localhost:9000',
          connection: 'keep-alive',
          'sec-ch-ua': '"Chromium";v="116", "Not)A;Brand";v="24", "Google Chrome";v="116"',
          'sec-ch-ua-mobile': '?0',
          'user-agent': 'Mozilla/5.0 (Windows NT 10.0; Win64; x64) AppleWebKit/537.36 (KHTML, like Gecko) Chrome/116.0.0.0 Safari/537.36',
          'sec-ch-ua-platform': '"Windows"',
          accept: '*/*',
          'sec-fetch-site': 'same-origin',
          'sec-fetch-mode': 'cors',
          'sec-fetch-dest': 'empty',
          referer: 'http://localhost:9000/admin/dashboard',
          'accept-encoding': 'gzip, deflate, br',
          'accept-language': 'en-US,en;q=0.9',
          cookie: 'connect.sid=s%3AbK9vzjlYhrzGnNV8lBebMk6AhYDjMVUF.idNooymafRQWmK6zVl%2Bp0N%2FPfXTxGSwCkQpnMNhL%2FTk'
        },
        method: 'GET',
        httpVersion: '1.1',
        originalUrl: '/add-review-to-contract',
        query: {}
      },
      res: { statusCode: 500 },
      responseTime: 11
    },
    timestamp: '2023-09-17T05:45:02.072Z'
  }
}
{
  level: 'error',
  message: 'HTTP GET /add-review-to-contract',
  metadata: {
    meta: {
      req: {
        url: '/add-review-to-contract',
        headers: {
          host: 'localhost:9000',
          connection: 'keep-alive',
          'sec-ch-ua': '"Chromium";v="116", "Not)A;Brand";v="24", "Google Chrome";v="116"',
          'sec-ch-ua-mobile': '?0',
          'sec-ch-ua-platform': '"Windows"',
          'upgrade-insecure-requests': '1',
          'user-agent': 'Mozilla/5.0 (Windows NT 10.0; Win64; x64) AppleWebKit/537.36 (KHTML, like Gecko) Chrome/116.0.0.0 Safari/537.36',
          accept: 'text/html,application/xhtml+xml,application/xml;q=0.9,image/avif,image/webp,image/apng,*/*;q=0.8,application/signed-exchange;v=b3;q=0.7',
          'sec-fetch-site': 'none',
          'sec-fetch-mode': 'navigate',
          'sec-fetch-user': '?1',
          'sec-fetch-dest': 'document',
          'accept-encoding': 'gzip, deflate, br',
          'accept-language': 'en-US,en;q=0.9',
          cookie: 'connect.sid=s%3AbK9vzjlYhrzGnNV8lBebMk6AhYDjMVUF.idNooymafRQWmK6zVl%2Bp0N%2FPfXTxGSwCkQpnMNhL%2FTk'
        },
        method: 'GET',
        httpVersion: '1.1',
        originalUrl: '/add-review-to-contract',
        query: {}
      },
      res: { statusCode: 500 },
      responseTime: 13
    },
    timestamp: '2023-09-17T05:48:13.810Z'
  }
}
{
  level: 'error',
  message: 'HTTP GET /add-review-to-contract',
  metadata: {
    meta: {
      req: {
        url: '/add-review-to-contract',
        headers: {
          host: 'localhost:9000',
          connection: 'keep-alive',
          'user-agent': 'Mozilla/5.0 (Windows NT 10.0; Win64; x64) AppleWebKit/537.36 (KHTML, like Gecko) Chrome/116.0.0.0 Safari/537.36',
          accept: '*/*',
          'sec-fetch-site': 'none',
          'sec-fetch-mode': 'cors',
          'sec-fetch-dest': 'empty',
          'accept-encoding': 'gzip, deflate, br',
          'accept-language': 'en-US,en;q=0.9',
          cookie: 'connect.sid=s%3AbK9vzjlYhrzGnNV8lBebMk6AhYDjMVUF.idNooymafRQWmK6zVl%2Bp0N%2FPfXTxGSwCkQpnMNhL%2FTk'
        },
        method: 'GET',
        httpVersion: '1.1',
        originalUrl: '/add-review-to-contract',
        query: {}
      },
      res: { statusCode: 500 },
      responseTime: 13
    },
    timestamp: '2023-09-17T05:48:13.973Z'
  }
}
{
  level: 'error',
  message: 'HTTP GET /add-review-to-contract',
  metadata: {
    meta: {
      req: {
        url: '/add-review-to-contract',
        headers: {
          host: 'localhost:9000',
          connection: 'keep-alive',
          'user-agent': 'Mozilla/5.0 (Windows NT 10.0; Win64; x64) AppleWebKit/537.36 (KHTML, like Gecko) Chrome/116.0.0.0 Safari/537.36',
          accept: '*/*',
          'sec-fetch-site': 'none',
          'sec-fetch-mode': 'cors',
          'sec-fetch-dest': 'empty',
          'accept-encoding': 'gzip, deflate, br',
          'accept-language': 'en-US,en;q=0.9',
          cookie: 'connect.sid=s%3AbK9vzjlYhrzGnNV8lBebMk6AhYDjMVUF.idNooymafRQWmK6zVl%2Bp0N%2FPfXTxGSwCkQpnMNhL%2FTk'
        },
        method: 'GET',
        httpVersion: '1.1',
        originalUrl: '/add-review-to-contract',
        query: {}
      },
      res: { statusCode: 500 },
      responseTime: 28
    },
    timestamp: '2023-09-17T05:52:38.849Z'
  }
}
{
  level: 'error',
  message: 'HTTP GET /add-review-to-contract',
  metadata: {
    meta: {
      req: {
        url: '/add-review-to-contract',
        headers: {
          host: 'localhost:9000',
          connection: 'keep-alive',
          'cache-control': 'max-age=0',
          'sec-ch-ua': '"Chromium";v="116", "Not)A;Brand";v="24", "Google Chrome";v="116"',
          'sec-ch-ua-mobile': '?0',
          'sec-ch-ua-platform': '"Windows"',
          'upgrade-insecure-requests': '1',
          'user-agent': 'Mozilla/5.0 (Windows NT 10.0; Win64; x64) AppleWebKit/537.36 (KHTML, like Gecko) Chrome/116.0.0.0 Safari/537.36',
          accept: 'text/html,application/xhtml+xml,application/xml;q=0.9,image/avif,image/webp,image/apng,*/*;q=0.8,application/signed-exchange;v=b3;q=0.7',
          'sec-fetch-site': 'none',
          'sec-fetch-mode': 'navigate',
          'sec-fetch-user': '?1',
          'sec-fetch-dest': 'document',
          'accept-encoding': 'gzip, deflate, br',
          'accept-language': 'en-US,en;q=0.9',
          cookie: 'connect.sid=s%3AlGGEqCCFIos9BdhRFWf4YCsZOyK64lV_.RaH5gKZTEDilcjI5QpZalMljk%2FX7%2FK9iW6HBGmVOXNk'
        },
        method: 'GET',
        httpVersion: '1.1',
        originalUrl: '/add-review-to-contract',
        query: {}
      },
      res: { statusCode: 500 },
      responseTime: 15
    },
    timestamp: '2023-09-17T05:53:21.283Z'
  }
}
{
  level: 'error',
  message: 'HTTP GET /add-review-to-contract',
  metadata: {
    meta: {
      req: {
        url: '/add-review-to-contract',
        headers: {
          host: 'localhost:9000',
          connection: 'keep-alive',
          'user-agent': 'Mozilla/5.0 (Windows NT 10.0; Win64; x64) AppleWebKit/537.36 (KHTML, like Gecko) Chrome/116.0.0.0 Safari/537.36',
          accept: '*/*',
          'sec-fetch-site': 'none',
          'sec-fetch-mode': 'cors',
          'sec-fetch-dest': 'empty',
          'accept-encoding': 'gzip, deflate, br',
          'accept-language': 'en-US,en;q=0.9',
          cookie: 'connect.sid=s%3AlGGEqCCFIos9BdhRFWf4YCsZOyK64lV_.RaH5gKZTEDilcjI5QpZalMljk%2FX7%2FK9iW6HBGmVOXNk'
        },
        method: 'GET',
        httpVersion: '1.1',
        originalUrl: '/add-review-to-contract',
        query: {}
      },
      res: { statusCode: 500 },
      responseTime: 17
    },
    timestamp: '2023-09-17T05:53:21.371Z'
  }
}
{
  level: 'error',
  message: 'HTTP GET /add-review-to-contract',
  metadata: {
    meta: {
      req: {
        url: '/add-review-to-contract',
        headers: {
          host: 'localhost:9000',
          connection: 'keep-alive',
          'user-agent': 'Mozilla/5.0 (Windows NT 10.0; Win64; x64) AppleWebKit/537.36 (KHTML, like Gecko) Chrome/116.0.0.0 Safari/537.36',
          accept: '*/*',
          'sec-fetch-site': 'none',
          'sec-fetch-mode': 'cors',
          'sec-fetch-dest': 'empty',
          'accept-encoding': 'gzip, deflate, br',
          'accept-language': 'en-US,en;q=0.9',
          cookie: 'connect.sid=s%3AlGGEqCCFIos9BdhRFWf4YCsZOyK64lV_.RaH5gKZTEDilcjI5QpZalMljk%2FX7%2FK9iW6HBGmVOXNk'
        },
        method: 'GET',
        httpVersion: '1.1',
        originalUrl: '/add-review-to-contract',
        query: {}
      },
      res: { statusCode: 500 },
      responseTime: 18
    },
    timestamp: '2023-09-17T05:53:25.257Z'
  }
}
{
  level: 'error',
  message: 'HTTP GET /add-review-to-contract',
  metadata: {
    meta: {
      req: {
        url: '/add-review-to-contract',
        headers: {
          host: 'localhost:9000',
          connection: 'keep-alive',
          'cache-control': 'max-age=0',
          'sec-ch-ua': '"Chromium";v="116", "Not)A;Brand";v="24", "Google Chrome";v="116"',
          'sec-ch-ua-mobile': '?0',
          'sec-ch-ua-platform': '"Windows"',
          'upgrade-insecure-requests': '1',
          'user-agent': 'Mozilla/5.0 (Windows NT 10.0; Win64; x64) AppleWebKit/537.36 (KHTML, like Gecko) Chrome/116.0.0.0 Safari/537.36',
          accept: 'text/html,application/xhtml+xml,application/xml;q=0.9,image/avif,image/webp,image/apng,*/*;q=0.8,application/signed-exchange;v=b3;q=0.7',
          'sec-fetch-site': 'none',
          'sec-fetch-mode': 'navigate',
          'sec-fetch-user': '?1',
          'sec-fetch-dest': 'document',
          'accept-encoding': 'gzip, deflate, br',
          'accept-language': 'en-US,en;q=0.9',
          cookie: 'connect.sid=s%3AlGGEqCCFIos9BdhRFWf4YCsZOyK64lV_.RaH5gKZTEDilcjI5QpZalMljk%2FX7%2FK9iW6HBGmVOXNk'
        },
        method: 'GET',
        httpVersion: '1.1',
        originalUrl: '/add-review-to-contract',
        query: {}
      },
      res: { statusCode: 500 },
      responseTime: 13
    },
    timestamp: '2023-09-17T05:53:25.481Z'
  }
}
{
  level: 'error',
  message: 'HTTP GET /add-review-to-contract',
  metadata: {
    meta: {
      req: {
        url: '/add-review-to-contract',
        headers: {
          host: 'localhost:9000',
          connection: 'keep-alive',
          'user-agent': 'Mozilla/5.0 (Windows NT 10.0; Win64; x64) AppleWebKit/537.36 (KHTML, like Gecko) Chrome/116.0.0.0 Safari/537.36',
          accept: '*/*',
          'sec-fetch-site': 'none',
          'sec-fetch-mode': 'cors',
          'sec-fetch-dest': 'empty',
          'accept-encoding': 'gzip, deflate, br',
          'accept-language': 'en-US,en;q=0.9',
          cookie: 'connect.sid=s%3AlGGEqCCFIos9BdhRFWf4YCsZOyK64lV_.RaH5gKZTEDilcjI5QpZalMljk%2FX7%2FK9iW6HBGmVOXNk'
        },
        method: 'GET',
        httpVersion: '1.1',
        originalUrl: '/add-review-to-contract',
        query: {}
      },
      res: { statusCode: 500 },
      responseTime: 14
    },
    timestamp: '2023-09-17T05:53:25.563Z'
  }
}
{
  level: 'error',
  message: 'HTTP GET /add-review-to-contract',
  metadata: {
    meta: {
      req: {
        url: '/add-review-to-contract',
        headers: {
          host: 'localhost:9000',
          connection: 'keep-alive',
          'sec-ch-ua': '"Chromium";v="116", "Not)A;Brand";v="24", "Google Chrome";v="116"',
          'sec-ch-ua-mobile': '?0',
          'user-agent': 'Mozilla/5.0 (Windows NT 10.0; Win64; x64) AppleWebKit/537.36 (KHTML, like Gecko) Chrome/116.0.0.0 Safari/537.36',
          'sec-ch-ua-platform': '"Windows"',
          accept: '*/*',
          'sec-fetch-site': 'same-origin',
          'sec-fetch-mode': 'cors',
          'sec-fetch-dest': 'empty',
          referer: 'http://localhost:9000/admin/dashboard',
          'accept-encoding': 'gzip, deflate, br',
          'accept-language': 'en-US,en;q=0.9',
          cookie: 'connect.sid=s%3AlGGEqCCFIos9BdhRFWf4YCsZOyK64lV_.RaH5gKZTEDilcjI5QpZalMljk%2FX7%2FK9iW6HBGmVOXNk'
        },
        method: 'GET',
        httpVersion: '1.1',
        originalUrl: '/add-review-to-contract',
        query: {}
      },
      res: { statusCode: 500 },
      responseTime: 17
    },
    timestamp: '2023-09-17T05:53:32.311Z'
  }
}
{
  level: 'error',
  message: 'Error transferring data to the smart contract: contractAddress is not defined',
  metadata: {
    stack: 'ReferenceError: contractAddress is not defined\n' +
      '    at D:\\RIS\\FYP\\combinenodejs\\server.js:157:9\n' +
      '    at process.processTicksAndRejections (node:internal/process/task_queues:95:5)',
    timestamp: '2023-09-17T07:51:37.540Z'
  }
}
{
  level: 'error',
  message: 'HTTP GET /transfer-data',
  metadata: {
    meta: {
      req: {
        url: '/transfer-data',
        headers: {
          host: 'localhost:9000',
          connection: 'keep-alive',
          'sec-ch-ua': '"Chromium";v="116", "Not)A;Brand";v="24", "Google Chrome";v="116"',
          'sec-ch-ua-mobile': '?0',
          'sec-ch-ua-platform': '"Windows"',
          'upgrade-insecure-requests': '1',
          'user-agent': 'Mozilla/5.0 (Windows NT 10.0; Win64; x64) AppleWebKit/537.36 (KHTML, like Gecko) Chrome/116.0.0.0 Safari/537.36',
          accept: 'text/html,application/xhtml+xml,application/xml;q=0.9,image/avif,image/webp,image/apng,*/*;q=0.8,application/signed-exchange;v=b3;q=0.7',
          'sec-fetch-site': 'none',
          'sec-fetch-mode': 'navigate',
          'sec-fetch-user': '?1',
          'sec-fetch-dest': 'document',
          'accept-encoding': 'gzip, deflate, br',
          'accept-language': 'en-US,en;q=0.9',
          cookie: 'connect.sid=s%3AB4cFQ_0FxQK8IWY5MNvhwv-DJYtkdVQR.SfyarLi%2F44KkWzWBMe5D7EnaYWKHfgEqdnQRbUdUuaQ',
          'if-none-match': 'W/"3f-UM8IZXS/Ny7ufK0qwcdM2cOUPcA"'
        },
        method: 'GET',
        httpVersion: '1.1',
        originalUrl: '/transfer-data',
        query: {}
      },
      res: { statusCode: 500 },
      responseTime: 24
    },
    timestamp: '2023-09-17T07:51:37.544Z'
  }
}
{
  level: 'error',
  message: 'Error transferring data to the smart contract: contractAddress is not defined',
  metadata: {
    stack: 'ReferenceError: contractAddress is not defined\n' +
      '    at D:\\RIS\\FYP\\combinenodejs\\server.js:157:9\n' +
      '    at process.processTicksAndRejections (node:internal/process/task_queues:95:5)',
    timestamp: '2023-09-17T07:51:37.646Z'
  }
}
{
  level: 'error',
  message: 'HTTP GET /transfer-data',
  metadata: {
    meta: {
      req: {
        url: '/transfer-data',
        headers: {
          host: 'localhost:9000',
          connection: 'keep-alive',
          'user-agent': 'Mozilla/5.0 (Windows NT 10.0; Win64; x64) AppleWebKit/537.36 (KHTML, like Gecko) Chrome/116.0.0.0 Safari/537.36',
          accept: '*/*',
          'sec-fetch-site': 'none',
          'sec-fetch-mode': 'cors',
          'sec-fetch-dest': 'empty',
          'accept-encoding': 'gzip, deflate, br',
          'accept-language': 'en-US,en;q=0.9',
          cookie: 'connect.sid=s%3AB4cFQ_0FxQK8IWY5MNvhwv-DJYtkdVQR.SfyarLi%2F44KkWzWBMe5D7EnaYWKHfgEqdnQRbUdUuaQ',
          'if-none-match': 'W/"3f-UM8IZXS/Ny7ufK0qwcdM2cOUPcA"'
        },
        method: 'GET',
        httpVersion: '1.1',
        originalUrl: '/transfer-data',
        query: {}
      },
      res: { statusCode: 500 },
      responseTime: 13
    },
    timestamp: '2023-09-17T07:51:37.649Z'
  }
}
{
  level: 'error',
  message: 'Error transferring data to the smart contract: contractAddress is not defined',
  metadata: {
    stack: 'ReferenceError: contractAddress is not defined\n' +
      '    at D:\\RIS\\FYP\\combinenodejs\\server.js:157:9\n' +
      '    at process.processTicksAndRejections (node:internal/process/task_queues:95:5)',
    timestamp: '2023-09-17T07:52:24.483Z'
  }
}
{
  level: 'error',
  message: 'HTTP GET /transfer-data',
  metadata: {
    meta: {
      req: {
        url: '/transfer-data',
        headers: {
          host: 'localhost:9000',
          connection: 'keep-alive',
          'cache-control': 'max-age=0',
          'sec-ch-ua': '"Chromium";v="116", "Not)A;Brand";v="24", "Google Chrome";v="116"',
          'sec-ch-ua-mobile': '?0',
          'sec-ch-ua-platform': '"Windows"',
          'upgrade-insecure-requests': '1',
          'user-agent': 'Mozilla/5.0 (Windows NT 10.0; Win64; x64) AppleWebKit/537.36 (KHTML, like Gecko) Chrome/116.0.0.0 Safari/537.36',
          accept: 'text/html,application/xhtml+xml,application/xml;q=0.9,image/avif,image/webp,image/apng,*/*;q=0.8,application/signed-exchange;v=b3;q=0.7',
          'sec-fetch-site': 'none',
          'sec-fetch-mode': 'navigate',
          'sec-fetch-user': '?1',
          'sec-fetch-dest': 'document',
          'accept-encoding': 'gzip, deflate, br',
          'accept-language': 'en-US,en;q=0.9',
          cookie: 'connect.sid=s%3AB4cFQ_0FxQK8IWY5MNvhwv-DJYtkdVQR.SfyarLi%2F44KkWzWBMe5D7EnaYWKHfgEqdnQRbUdUuaQ'
        },
        method: 'GET',
        httpVersion: '1.1',
        originalUrl: '/transfer-data',
        query: {}
      },
      res: { statusCode: 500 },
      responseTime: 25
    },
    timestamp: '2023-09-17T07:52:24.491Z'
  }
}
{
  level: 'error',
  message: 'Error transferring data to the smart contract: contractAddress is not defined',
  metadata: {
    stack: 'ReferenceError: contractAddress is not defined\n' +
      '    at D:\\RIS\\FYP\\combinenodejs\\server.js:157:9\n' +
      '    at process.processTicksAndRejections (node:internal/process/task_queues:95:5)',
    timestamp: '2023-09-17T07:52:24.565Z'
  }
}
{
  level: 'error',
  message: 'HTTP GET /transfer-data',
  metadata: {
    meta: {
      req: {
        url: '/transfer-data',
        headers: {
          host: 'localhost:9000',
          connection: 'keep-alive',
          'user-agent': 'Mozilla/5.0 (Windows NT 10.0; Win64; x64) AppleWebKit/537.36 (KHTML, like Gecko) Chrome/116.0.0.0 Safari/537.36',
          accept: '*/*',
          'sec-fetch-site': 'none',
          'sec-fetch-mode': 'cors',
          'sec-fetch-dest': 'empty',
          'accept-encoding': 'gzip, deflate, br',
          'accept-language': 'en-US,en;q=0.9',
          cookie: 'connect.sid=s%3AwVexby9Xwg5HBpoIvSoelZzlcDljAb3a.6F%2BnPXVbnwTec5W4%2FZOVxgYJsBurKMkKIRpE0wf5ZTY'
        },
        method: 'GET',
        httpVersion: '1.1',
        originalUrl: '/transfer-data',
        query: {}
      },
      res: { statusCode: 500 },
      responseTime: 14
    },
    timestamp: '2023-09-17T07:52:24.567Z'
  }
}
{
  level: 'error',
  message: 'Error: logger is not defined',
  metadata: { timestamp: '2023-09-17T09:09:07.323Z' }
}
{
  level: 'error',
  message: 'Error: logger is not defined',
  metadata: { timestamp: '2023-09-17T09:09:07.589Z' }
}
{
  level: 'error',
  message: 'Error: logger is not defined',
  metadata: { timestamp: '2023-09-17T09:17:03.958Z' }
}
{
  level: 'error',
  message: 'Error: logger is not defined',
  metadata: { timestamp: '2023-09-17T09:17:04.081Z' }
}
{
  level: 'error',
  message: 'HTTP GET /',
  metadata: {
    meta: {
      req: {
        url: '/',
        headers: {
          host: 'localhost:9000',
          connection: 'keep-alive',
          'cache-control': 'max-age=0',
          'sec-ch-ua': '"Chromium";v="116", "Not)A;Brand";v="24", "Google Chrome";v="116"',
          'sec-ch-ua-mobile': '?0',
          'sec-ch-ua-platform': '"Windows"',
          'upgrade-insecure-requests': '1',
          'user-agent': 'Mozilla/5.0 (Windows NT 10.0; Win64; x64) AppleWebKit/537.36 (KHTML, like Gecko) Chrome/116.0.0.0 Safari/537.36',
          accept: 'text/html,application/xhtml+xml,application/xml;q=0.9,image/avif,image/webp,image/apng,*/*;q=0.8,application/signed-exchange;v=b3;q=0.7',
          'sec-fetch-site': 'none',
          'sec-fetch-mode': 'navigate',
          'sec-fetch-user': '?1',
          'sec-fetch-dest': 'document',
          'accept-encoding': 'gzip, deflate, br',
          'accept-language': 'en-US,en;q=0.9',
          cookie: 'connect.sid=s%3AYq4JXzUqzl1HfwjeztsBgaNJ9DVhjLkn.uLGCOdOj%2BmvknxK6ax7DBvD9X90aaDhe0hy%2B5zVkS54'
        },
        method: 'GET',
        httpVersion: '1.1',
        originalUrl: '/',
        query: {}
      },
      res: { statusCode: 500 },
      responseTime: 9
    },
    timestamp: '2023-09-17T09:17:30.036Z'
  }
}
{
  level: 'error',
  message: 'HTTP GET /',
  metadata: {
    meta: {
      req: {
        url: '/',
        headers: {
          host: 'localhost:9000',
          connection: 'keep-alive',
          'user-agent': 'Mozilla/5.0 (Windows NT 10.0; Win64; x64) AppleWebKit/537.36 (KHTML, like Gecko) Chrome/116.0.0.0 Safari/537.36',
          accept: '*/*',
          'sec-fetch-site': 'none',
          'sec-fetch-mode': 'cors',
          'sec-fetch-dest': 'empty',
          'accept-encoding': 'gzip, deflate, br',
          'accept-language': 'en-US,en;q=0.9',
          cookie: 'connect.sid=s%3AmrmifawVWSqJRQWi4JrtY9_lKgyixYDt.S5Hfvl9mqbeR6EebS5tVUizTCRnrukYRan43Lif7zhQ'
        },
        method: 'GET',
        httpVersion: '1.1',
        originalUrl: '/',
        query: {}
      },
      res: { statusCode: 500 },
      responseTime: 3
    },
    timestamp: '2023-09-17T09:17:30.101Z'
  }
}
{
  level: 'error',
  message: 'HTTP GET /admin/dashboard',
  metadata: {
    meta: {
      req: {
        url: '/admin/dashboard',
        headers: {
          host: 'localhost:9000',
          connection: 'keep-alive',
          'cache-control': 'max-age=0',
          'upgrade-insecure-requests': '1',
          'user-agent': 'Mozilla/5.0 (Windows NT 10.0; Win64; x64) AppleWebKit/537.36 (KHTML, like Gecko) Chrome/116.0.0.0 Safari/537.36',
          accept: 'text/html,application/xhtml+xml,application/xml;q=0.9,image/avif,image/webp,image/apng,*/*;q=0.8,application/signed-exchange;v=b3;q=0.7',
          'sec-fetch-site': 'same-origin',
          'sec-fetch-mode': 'navigate',
          'sec-fetch-user': '?1',
          'sec-fetch-dest': 'document',
          'sec-ch-ua': '"Chromium";v="116", "Not)A;Brand";v="24", "Google Chrome";v="116"',
          'sec-ch-ua-mobile': '?0',
          'sec-ch-ua-platform': '"Windows"',
          referer: 'http://localhost:9000/admin',
          'accept-encoding': 'gzip, deflate, br',
          'accept-language': 'en-US,en;q=0.9',
          cookie: 'connect.sid=s%3AA8wO1fCHvKoNsm6qvm9BEf0NGAh2K11G.KPt5ri2rTpFokPI43aSbPkowGKoyT7nkhr2enNLNZzY'
        },
        method: 'GET',
        httpVersion: '1.1',
        originalUrl: '/admin/dashboard',
        query: {}
      },
      res: { statusCode: 500 },
      responseTime: 3
    },
    timestamp: '2023-09-17T09:23:35.734Z'
  }
}
{
  level: 'error',
  message: 'HTTP GET /admin/dashboard',
  metadata: {
    meta: {
      req: {
        url: '/admin/dashboard',
        headers: {
          host: 'localhost:9000',
          connection: 'keep-alive',
          'user-agent': 'Mozilla/5.0 (Windows NT 10.0; Win64; x64) AppleWebKit/537.36 (KHTML, like Gecko) Chrome/116.0.0.0 Safari/537.36',
          accept: '*/*',
          'sec-fetch-site': 'none',
          'sec-fetch-mode': 'cors',
          'sec-fetch-dest': 'empty',
          'accept-encoding': 'gzip, deflate, br',
          'accept-language': 'en-US,en;q=0.9',
          cookie: 'connect.sid=s%3AA8wO1fCHvKoNsm6qvm9BEf0NGAh2K11G.KPt5ri2rTpFokPI43aSbPkowGKoyT7nkhr2enNLNZzY'
        },
        method: 'GET',
        httpVersion: '1.1',
        originalUrl: '/admin/dashboard',
        query: {}
      },
      res: { statusCode: 500 },
      responseTime: 2
    },
    timestamp: '2023-09-17T09:23:35.821Z'
  }
}
{
  level: 'error',
  message: 'HTTP GET /admin/dashboard',
  metadata: {
    meta: {
      req: {
        url: '/admin/dashboard',
        headers: {
          host: 'localhost:9000',
          connection: 'keep-alive',
          'cache-control': 'max-age=0',
          'sec-ch-ua': '"Chromium";v="116", "Not)A;Brand";v="24", "Google Chrome";v="116"',
          'sec-ch-ua-mobile': '?0',
          'sec-ch-ua-platform': '"Windows"',
          'upgrade-insecure-requests': '1',
          'user-agent': 'Mozilla/5.0 (Windows NT 10.0; Win64; x64) AppleWebKit/537.36 (KHTML, like Gecko) Chrome/116.0.0.0 Safari/537.36',
          accept: 'text/html,application/xhtml+xml,application/xml;q=0.9,image/avif,image/webp,image/apng,*/*;q=0.8,application/signed-exchange;v=b3;q=0.7',
          'sec-fetch-site': 'same-origin',
          'sec-fetch-mode': 'navigate',
          'sec-fetch-user': '?1',
          'sec-fetch-dest': 'document',
          referer: 'http://localhost:9000/admin',
          'accept-encoding': 'gzip, deflate, br',
          'accept-language': 'en-US,en;q=0.9',
          cookie: 'connect.sid=s%3AA8wO1fCHvKoNsm6qvm9BEf0NGAh2K11G.KPt5ri2rTpFokPI43aSbPkowGKoyT7nkhr2enNLNZzY'
        },
        method: 'GET',
        httpVersion: '1.1',
        originalUrl: '/admin/dashboard',
        query: {}
      },
      res: { statusCode: 500 },
      responseTime: 2
    },
    timestamp: '2023-09-17T09:23:41.897Z'
  }
}
{
  level: 'error',
  message: 'HTTP GET /admin/dashboard',
  metadata: {
    meta: {
      req: {
        url: '/admin/dashboard',
        headers: {
          host: 'localhost:9000',
          connection: 'keep-alive',
          'user-agent': 'Mozilla/5.0 (Windows NT 10.0; Win64; x64) AppleWebKit/537.36 (KHTML, like Gecko) Chrome/116.0.0.0 Safari/537.36',
          accept: '*/*',
          'sec-fetch-site': 'none',
          'sec-fetch-mode': 'cors',
          'sec-fetch-dest': 'empty',
          'accept-encoding': 'gzip, deflate, br',
          'accept-language': 'en-US,en;q=0.9',
          cookie: 'connect.sid=s%3AA8wO1fCHvKoNsm6qvm9BEf0NGAh2K11G.KPt5ri2rTpFokPI43aSbPkowGKoyT7nkhr2enNLNZzY'
        },
        method: 'GET',
        httpVersion: '1.1',
        originalUrl: '/admin/dashboard',
        query: {}
      },
      res: { statusCode: 500 },
      responseTime: 5
    },
    timestamp: '2023-09-17T09:23:41.975Z'
  }
}
{
  level: 'error',
  message: 'HTTP GET /admin/dashboard',
  metadata: {
    meta: {
      req: {
        url: '/admin/dashboard',
        headers: {
          host: 'localhost:9000',
          connection: 'keep-alive',
          'cache-control': 'max-age=0',
          'upgrade-insecure-requests': '1',
          'user-agent': 'Mozilla/5.0 (Windows NT 10.0; Win64; x64) AppleWebKit/537.36 (KHTML, like Gecko) Chrome/116.0.0.0 Safari/537.36',
          accept: 'text/html,application/xhtml+xml,application/xml;q=0.9,image/avif,image/webp,image/apng,*/*;q=0.8,application/signed-exchange;v=b3;q=0.7',
          'sec-fetch-site': 'same-origin',
          'sec-fetch-mode': 'navigate',
          'sec-fetch-user': '?1',
          'sec-fetch-dest': 'document',
          'sec-ch-ua': '"Chromium";v="116", "Not)A;Brand";v="24", "Google Chrome";v="116"',
          'sec-ch-ua-mobile': '?0',
          'sec-ch-ua-platform': '"Windows"',
          referer: 'http://localhost:9000/admin',
          'accept-encoding': 'gzip, deflate, br',
          'accept-language': 'en-US,en;q=0.9',
          cookie: 'connect.sid=s%3AA8wO1fCHvKoNsm6qvm9BEf0NGAh2K11G.KPt5ri2rTpFokPI43aSbPkowGKoyT7nkhr2enNLNZzY'
        },
        method: 'GET',
        httpVersion: '1.1',
        originalUrl: '/admin/dashboard',
        query: {}
      },
      res: { statusCode: 500 },
      responseTime: 1
    },
    timestamp: '2023-09-17T09:23:45.638Z'
  }
}
{
  level: 'error',
  message: 'HTTP GET /admin/dashboard',
  metadata: {
    meta: {
      req: {
        url: '/admin/dashboard',
        headers: {
          host: 'localhost:9000',
          connection: 'keep-alive',
          'user-agent': 'Mozilla/5.0 (Windows NT 10.0; Win64; x64) AppleWebKit/537.36 (KHTML, like Gecko) Chrome/116.0.0.0 Safari/537.36',
          accept: '*/*',
          'sec-fetch-site': 'none',
          'sec-fetch-mode': 'cors',
          'sec-fetch-dest': 'empty',
          'accept-encoding': 'gzip, deflate, br',
          'accept-language': 'en-US,en;q=0.9',
          cookie: 'connect.sid=s%3AA8wO1fCHvKoNsm6qvm9BEf0NGAh2K11G.KPt5ri2rTpFokPI43aSbPkowGKoyT7nkhr2enNLNZzY'
        },
        method: 'GET',
        httpVersion: '1.1',
        originalUrl: '/admin/dashboard',
        query: {}
      },
      res: { statusCode: 500 },
      responseTime: 2
    },
    timestamp: '2023-09-17T09:23:45.700Z'
  }
}
{
  level: 'error',
  message: 'HTTP GET /admin/approved-review-count',
  metadata: {
    meta: {
      req: {
        url: '/admin/approved-review-count',
        headers: {
          host: 'localhost:9000',
          connection: 'keep-alive',
          'sec-ch-ua': '"Chromium";v="116", "Not)A;Brand";v="24", "Google Chrome";v="116"',
          'sec-ch-ua-mobile': '?0',
          'user-agent': 'Mozilla/5.0 (Windows NT 10.0; Win64; x64) AppleWebKit/537.36 (KHTML, like Gecko) Chrome/116.0.0.0 Safari/537.36',
          'sec-ch-ua-platform': '"Windows"',
          accept: '*/*',
          'sec-fetch-site': 'same-origin',
          'sec-fetch-mode': 'cors',
          'sec-fetch-dest': 'empty',
          referer: 'http://localhost:9000/admin/dashboard',
          'accept-encoding': 'gzip, deflate, br',
          'accept-language': 'en-US,en;q=0.9',
          cookie: 'connect.sid=s%3AbllM_uLq6RtNCOlypHh6jrejHreCHdb8.foZI6PHlbsG6Zp3r01ZSxL9kLIyfG6AC0eC6k8qQ4GM'
        },
        method: 'GET',
        httpVersion: '1.1',
        originalUrl: '/admin/approved-review-count',
        query: {}
      },
      res: { statusCode: 500 },
      responseTime: 3
    },
    timestamp: '2023-09-17T09:42:04.531Z'
  }
}
{
  level: 'error',
  message: 'HTTP POST /admin/approve-review/6506acba8f143fa849cb34da',
  metadata: {
    meta: {
      req: {
        url: '/admin/approve-review/6506acba8f143fa849cb34da',
        headers: {
          host: 'localhost:9000',
          connection: 'keep-alive',
          'content-length': '0',
          'sec-ch-ua': '"Chromium";v="116", "Not)A;Brand";v="24", "Google Chrome";v="116"',
          'sec-ch-ua-mobile': '?0',
          'user-agent': 'Mozilla/5.0 (Windows NT 10.0; Win64; x64) AppleWebKit/537.36 (KHTML, like Gecko) Chrome/116.0.0.0 Safari/537.36',
          'sec-ch-ua-platform': '"Windows"',
          accept: '*/*',
          origin: 'http://localhost:9000',
          'sec-fetch-site': 'same-origin',
          'sec-fetch-mode': 'cors',
          'sec-fetch-dest': 'empty',
          referer: 'http://localhost:9000/admin/dashboard',
          'accept-encoding': 'gzip, deflate, br',
          'accept-language': 'en-US,en;q=0.9',
          cookie: 'connect.sid=s%3AbllM_uLq6RtNCOlypHh6jrejHreCHdb8.foZI6PHlbsG6Zp3r01ZSxL9kLIyfG6AC0eC6k8qQ4GM'
        },
        method: 'POST',
        httpVersion: '1.1',
        originalUrl: '/admin/approve-review/6506acba8f143fa849cb34da',
        query: {}
      },
      res: { statusCode: 500 },
      responseTime: 14
    },
    timestamp: '2023-09-17T09:42:07.165Z'
  }
}
{
  level: 'error',
  message: 'HTTP GET /admin/approved-review-count',
  metadata: {
    meta: {
      req: {
        url: '/admin/approved-review-count',
        headers: {
          host: 'localhost:9000',
          connection: 'keep-alive',
          'sec-ch-ua': '"Chromium";v="116", "Not)A;Brand";v="24", "Google Chrome";v="116"',
          'sec-ch-ua-mobile': '?0',
          'user-agent': 'Mozilla/5.0 (Windows NT 10.0; Win64; x64) AppleWebKit/537.36 (KHTML, like Gecko) Chrome/116.0.0.0 Safari/537.36',
          'sec-ch-ua-platform': '"Windows"',
          accept: '*/*',
          'sec-fetch-site': 'same-origin',
          'sec-fetch-mode': 'cors',
          'sec-fetch-dest': 'empty',
          referer: 'http://localhost:9000/admin/dashboard',
          'accept-encoding': 'gzip, deflate, br',
          'accept-language': 'en-US,en;q=0.9',
          cookie: 'connect.sid=s%3AJTvDp-8Wpv8c-lBiB_JP6hNPpgHvEIW4.kNV7jzvZxq9bJd5ZllDnvxwiMiSlOf3cZD9%2FyWCeVqM'
        },
        method: 'GET',
        httpVersion: '1.1',
        originalUrl: '/admin/approved-review-count',
        query: {}
      },
      res: { statusCode: 500 },
      responseTime: 4
    },
    timestamp: '2023-09-17T09:43:20.556Z'
  }
}
{
  level: 'error',
  message: 'HTTP POST /admin/approve-review/6506acba8f143fa849cb34da',
  metadata: {
    meta: {
      req: {
        url: '/admin/approve-review/6506acba8f143fa849cb34da',
        headers: {
          host: 'localhost:9000',
          connection: 'keep-alive',
          'content-length': '0',
          'sec-ch-ua': '"Chromium";v="116", "Not)A;Brand";v="24", "Google Chrome";v="116"',
          'sec-ch-ua-mobile': '?0',
          'user-agent': 'Mozilla/5.0 (Windows NT 10.0; Win64; x64) AppleWebKit/537.36 (KHTML, like Gecko) Chrome/116.0.0.0 Safari/537.36',
          'sec-ch-ua-platform': '"Windows"',
          accept: '*/*',
          origin: 'http://localhost:9000',
          'sec-fetch-site': 'same-origin',
          'sec-fetch-mode': 'cors',
          'sec-fetch-dest': 'empty',
          referer: 'http://localhost:9000/admin/dashboard',
          'accept-encoding': 'gzip, deflate, br',
          'accept-language': 'en-US,en;q=0.9',
          cookie: 'connect.sid=s%3AJTvDp-8Wpv8c-lBiB_JP6hNPpgHvEIW4.kNV7jzvZxq9bJd5ZllDnvxwiMiSlOf3cZD9%2FyWCeVqM'
        },
        method: 'POST',
        httpVersion: '1.1',
        originalUrl: '/admin/approve-review/6506acba8f143fa849cb34da',
        query: {}
      },
      res: { statusCode: 500 },
      responseTime: 14
    },
    timestamp: '2023-09-17T09:43:22.605Z'
  }
}
{
  level: 'error',
  message: 'HTTP GET /add-review-to-contract',
  metadata: {
    meta: {
      req: {
        url: '/add-review-to-contract',
        headers: {
          host: 'localhost:9000',
          connection: 'keep-alive',
          'sec-ch-ua': '"Chromium";v="116", "Not)A;Brand";v="24", "Google Chrome";v="116"',
          'sec-ch-ua-mobile': '?0',
          'user-agent': 'Mozilla/5.0 (Windows NT 10.0; Win64; x64) AppleWebKit/537.36 (KHTML, like Gecko) Chrome/116.0.0.0 Safari/537.36',
          'sec-ch-ua-platform': '"Windows"',
          accept: '*/*',
          'sec-fetch-site': 'same-origin',
          'sec-fetch-mode': 'cors',
          'sec-fetch-dest': 'empty',
          referer: 'http://localhost:9000/admin/dashboard',
          'accept-encoding': 'gzip, deflate, br',
          'accept-language': 'en-US,en;q=0.9',
          cookie: 'connect.sid=s%3AH9dpR8n1LQQ8CGJAVtReg4ZCdtK95Gh3.hmVh2%2FPiJpsNZ2gRQkoxDnhm8aqh%2BB9Pk08enXYhVEw',
          'if-none-match': 'W/"4a-ANUj2ZkxIccxkPfCAWVsMBNKLX4"'
        },
        method: 'GET',
        httpVersion: '1.1',
        originalUrl: '/add-review-to-contract',
        query: {}
      },
      res: { statusCode: 500 },
      responseTime: 2
    },
    timestamp: '2023-09-17T09:46:05.782Z'
  }
}
{
  level: 'error',
  message: 'HTTP GET /add-review-to-contract',
  metadata: {
    meta: {
      req: {
        url: '/add-review-to-contract',
        headers: {
          host: 'localhost:9000',
          connection: 'keep-alive',
          'sec-ch-ua': '"Chromium";v="116", "Not)A;Brand";v="24", "Google Chrome";v="116"',
          'sec-ch-ua-mobile': '?0',
          'user-agent': 'Mozilla/5.0 (Windows NT 10.0; Win64; x64) AppleWebKit/537.36 (KHTML, like Gecko) Chrome/116.0.0.0 Safari/537.36',
          'sec-ch-ua-platform': '"Windows"',
          accept: '*/*',
          'sec-fetch-site': 'same-origin',
          'sec-fetch-mode': 'cors',
          'sec-fetch-dest': 'empty',
          referer: 'http://localhost:9000/admin/dashboard',
          'accept-encoding': 'gzip, deflate, br',
          'accept-language': 'en-US,en;q=0.9',
          cookie: 'connect.sid=s%3A2IAfYtoTewoXO2w0Uw6xT7j8fCBbqreN.2KymH9fl8pPlOllyIYJWXPm5uWNAoc9GM1vIUywmxA0'
        },
        method: 'GET',
        httpVersion: '1.1',
        originalUrl: '/add-review-to-contract',
        query: {}
      },
      res: { statusCode: 500 },
      responseTime: 3
    },
    timestamp: '2023-09-17T09:46:56.909Z'
  }
}
{
  level: 'error',
  message: 'HTTP GET /get-reviews?farmID=333&treeID=5678s',
  metadata: {
    meta: {
      req: {
        url: '/get-reviews?farmID=333&treeID=5678s',
        headers: {
          host: 'localhost:9000',
          connection: 'keep-alive',
          'sec-ch-ua': '"Chromium";v="116", "Not)A;Brand";v="24", "Google Chrome";v="116"',
          'sec-ch-ua-mobile': '?0',
          'sec-ch-ua-platform': '"Windows"',
          'upgrade-insecure-requests': '1',
          'user-agent': 'Mozilla/5.0 (Windows NT 10.0; Win64; x64) AppleWebKit/537.36 (KHTML, like Gecko) Chrome/116.0.0.0 Safari/537.36',
          accept: 'text/html,application/xhtml+xml,application/xml;q=0.9,image/avif,image/webp,image/apng,*/*;q=0.8,application/signed-exchange;v=b3;q=0.7',
          'sec-fetch-site': 'none',
          'sec-fetch-mode': 'navigate',
          'sec-fetch-user': '?1',
          'sec-fetch-dest': 'document',
          'accept-encoding': 'gzip, deflate, br',
          'accept-language': 'en-US,en;q=0.9',
          cookie: 'connect.sid=s%3AodMeprLugGWjlaejwZcNihtgjCNpDoQ7.Iv4%2F9D48HrkgGWfioa%2BLH3MsiOaYr3G2xvyY1mpGaBE'
        },
        method: 'GET',
        httpVersion: '1.1',
        originalUrl: '/get-reviews?farmID=333&treeID=5678s',
        query: { farmID: '333', treeID: '5678s' }
      },
      res: { statusCode: 500 },
      responseTime: 5
    },
    timestamp: '2023-09-17T15:21:13.422Z'
  }
}
{
  level: 'error',
  message: 'HTTP GET /get-reviews?farmID=333&treeID=5678s',
  metadata: {
    meta: {
      req: {
        url: '/get-reviews?farmID=333&treeID=5678s',
        headers: {
          host: 'localhost:9000',
          connection: 'keep-alive',
          'user-agent': 'Mozilla/5.0 (Windows NT 10.0; Win64; x64) AppleWebKit/537.36 (KHTML, like Gecko) Chrome/116.0.0.0 Safari/537.36',
          accept: '*/*',
          'sec-fetch-site': 'none',
          'sec-fetch-mode': 'cors',
          'sec-fetch-dest': 'empty',
          'accept-encoding': 'gzip, deflate, br',
          'accept-language': 'en-US,en;q=0.9',
          cookie: 'connect.sid=s%3AxKMpMS2r6nQVpGU5pWU3gp6f_0-Dymua.K4LM2r0AjrqL2%2FrfdTg7XBXWeWfU8HZEAyXljnopWDw'
        },
        method: 'GET',
        httpVersion: '1.1',
        originalUrl: '/get-reviews?farmID=333&treeID=5678s',
        query: { farmID: '333', treeID: '5678s' }
      },
      res: { statusCode: 500 },
      responseTime: 2
    },
    timestamp: '2023-09-17T15:21:13.710Z'
  }
}
{
  level: 'error',
  message: 'Error removing data from MongoDB: res is not defined',
  metadata: {
    stack: 'ReferenceError: res is not defined\n' +
      '    at D:\\RIS\\FYP\\combinenodejs-Git\\routes\\user_routes.js:431:5\n' +
      '    at process.processTicksAndRejections (node:internal/process/task_queues:95:5)',
    timestamp: '2023-09-17T15:52:45.959Z'
  }
}
{
  level: 'error',
  message: 'Unhandled Promise Rejection: res is not defined',
  metadata: {
    stack: 'ReferenceError: res is not defined\n' +
      '    at D:\\RIS\\FYP\\combinenodejs-Git\\routes\\user_routes.js:435:5\n' +
      '    at process.processTicksAndRejections (node:internal/process/task_queues:95:5)',
    timestamp: '2023-09-17T15:52:45.961Z'
  }
}
{
  level: 'error',
  message: 'Error removing data from MongoDB: res is not defined',
  metadata: {
    stack: 'ReferenceError: res is not defined\n' +
      '    at D:\\RIS\\FYP\\combinenodejs-Git\\routes\\user_routes.js:431:5\n' +
      '    at process.processTicksAndRejections (node:internal/process/task_queues:95:5)',
    timestamp: '2023-09-17T15:53:00.033Z'
  }
}
{
  level: 'error',
  message: 'Unhandled Promise Rejection: res is not defined',
  metadata: {
    stack: 'ReferenceError: res is not defined\n' +
      '    at D:\\RIS\\FYP\\combinenodejs-Git\\routes\\user_routes.js:435:5\n' +
      '    at process.processTicksAndRejections (node:internal/process/task_queues:95:5)',
    timestamp: '2023-09-17T15:53:00.035Z'
  }
}
{
  level: 'error',
  message: 'Error removing data from MongoDB: res is not defined',
  metadata: {
    stack: 'ReferenceError: res is not defined\n' +
      '    at D:\\RIS\\FYP\\combinenodejs-Git\\routes\\user_routes.js:431:5\n' +
      '    at process.processTicksAndRejections (node:internal/process/task_queues:95:5)',
    timestamp: '2023-09-17T15:55:37.230Z'
  }
}
{
  level: 'error',
  message: 'Unhandled Promise Rejection: res is not defined',
  metadata: {
    stack: 'ReferenceError: res is not defined\n' +
      '    at D:\\RIS\\FYP\\combinenodejs-Git\\routes\\user_routes.js:435:5\n' +
      '    at process.processTicksAndRejections (node:internal/process/task_queues:95:5)',
    timestamp: '2023-09-17T15:55:37.233Z'
  }
}
{
  level: 'error',
  message: 'Error removing data from MongoDB: res is not defined',
  metadata: {
    stack: 'ReferenceError: res is not defined\n' +
      '    at D:\\RIS\\FYP\\combinenodejs-Git\\routes\\user_routes.js:431:5\n' +
      '    at process.processTicksAndRejections (node:internal/process/task_queues:95:5)',
    timestamp: '2023-09-17T15:56:09.865Z'
  }
}
{
  level: 'error',
  message: 'Unhandled Promise Rejection: res is not defined',
  metadata: {
    stack: 'ReferenceError: res is not defined\n' +
      '    at D:\\RIS\\FYP\\combinenodejs-Git\\routes\\user_routes.js:435:5\n' +
      '    at process.processTicksAndRejections (node:internal/process/task_queues:95:5)',
    timestamp: '2023-09-17T15:56:09.866Z'
  }
}
{
  level: 'error',
  message: 'Error removing data from MongoDB: res is not defined',
  metadata: {
    stack: 'ReferenceError: res is not defined\n' +
      '    at D:\\RIS\\FYP\\combinenodejs-Git\\routes\\user_routes.js:431:5\n' +
      '    at process.processTicksAndRejections (node:internal/process/task_queues:95:5)',
    timestamp: '2023-09-17T15:57:57.597Z'
  }
}
{
  level: 'error',
  message: 'Unhandled Promise Rejection: res is not defined',
  metadata: {
    stack: 'ReferenceError: res is not defined\n' +
      '    at D:\\RIS\\FYP\\combinenodejs-Git\\routes\\user_routes.js:435:5\n' +
      '    at process.processTicksAndRejections (node:internal/process/task_queues:95:5)',
    timestamp: '2023-09-17T15:57:57.600Z'
  }
}
{
  level: 'error',
  message: 'Error removing data from MongoDB: res is not defined',
  metadata: {
    stack: 'ReferenceError: res is not defined\n' +
      '    at D:\\RIS\\FYP\\combinenodejs-Git\\routes\\user_routes.js:431:5\n' +
      '    at process.processTicksAndRejections (node:internal/process/task_queues:95:5)',
    timestamp: '2023-09-17T15:58:00.034Z'
  }
}
{
  level: 'error',
  message: 'Unhandled Promise Rejection: res is not defined',
  metadata: {
    stack: 'ReferenceError: res is not defined\n' +
      '    at D:\\RIS\\FYP\\combinenodejs-Git\\routes\\user_routes.js:435:5\n' +
      '    at process.processTicksAndRejections (node:internal/process/task_queues:95:5)',
    timestamp: '2023-09-17T15:58:00.036Z'
  }
}
{
  level: 'error',
  message: 'Error removing data from MongoDB: res is not defined',
  metadata: {
    stack: 'ReferenceError: res is not defined\n' +
      '    at D:\\RIS\\FYP\\combinenodejs-Git\\routes\\user_routes.js:158:5\n' +
      '    at process.processTicksAndRejections (node:internal/process/task_queues:95:5)',
    timestamp: '2023-09-17T16:02:09.975Z'
  }
}
{
  level: 'error',
  message: 'Unhandled Promise Rejection: res is not defined',
  metadata: {
    stack: 'ReferenceError: res is not defined\n' +
      '    at D:\\RIS\\FYP\\combinenodejs-Git\\routes\\user_routes.js:162:5\n' +
      '    at process.processTicksAndRejections (node:internal/process/task_queues:95:5)',
    timestamp: '2023-09-17T16:02:09.977Z'
  }
}
{
  level: 'error',
  message: 'Error removing data from MongoDB: res is not defined',
  metadata: {
    stack: 'ReferenceError: res is not defined\n' +
      '    at D:\\RIS\\FYP\\combinenodejs-Git\\routes\\user_routes.js:158:5\n' +
      '    at process.processTicksAndRejections (node:internal/process/task_queues:95:5)',
    timestamp: '2023-09-17T16:02:15.039Z'
  }
}
{
  level: 'error',
  message: 'Unhandled Promise Rejection: res is not defined',
  metadata: {
    stack: 'ReferenceError: res is not defined\n' +
      '    at D:\\RIS\\FYP\\combinenodejs-Git\\routes\\user_routes.js:162:5\n' +
      '    at process.processTicksAndRejections (node:internal/process/task_queues:95:5)',
    timestamp: '2023-09-17T16:02:15.041Z'
  }
}
{
  level: 'error',
  message: 'Uncaught Exception: log is not defined',
  metadata: {
    stack: 'ReferenceError: log is not defined\n' +
      '    at Job.job (D:\\RIS\\FYP\\combinenodejs-Git\\routes\\user_routes.js:444:2)\n' +
      '    at Job.invoke (D:\\RIS\\FYP\\combinenodejs-Git\\node_modules\\node-schedule\\lib\\Job.js:171:15)\n' +
      '    at D:\\RIS\\FYP\\combinenodejs-Git\\node_modules\\node-schedule\\lib\\Invocation.js:268:28\n' +
      '    at Timeout._onTimeout (D:\\RIS\\FYP\\combinenodejs-Git\\node_modules\\node-schedule\\lib\\Invocation.js:228:7)\n' +
      '    at listOnTimeout (node:internal/timers:569:17)\n' +
      '    at process.processTimers (node:internal/timers:512:7)',
    timestamp: '2023-09-17T16:04:45.016Z'
  }
}
{
  level: 'error',
  message: 'Uncaught Exception: app is not defined',
  metadata: {
    stack: 'ReferenceError: app is not defined\n' +
      '    at Job.job (D:\\RIS\\FYP\\combinenodejs-Git\\routes\\user_routes.js:382:2)\n' +
      '    at Job.invoke (D:\\RIS\\FYP\\combinenodejs-Git\\node_modules\\node-schedule\\lib\\Job.js:171:15)\n' +
      '    at D:\\RIS\\FYP\\combinenodejs-Git\\node_modules\\node-schedule\\lib\\Invocation.js:268:28\n' +
      '    at Timeout._onTimeout (D:\\RIS\\FYP\\combinenodejs-Git\\node_modules\\node-schedule\\lib\\Invocation.js:228:7)\n' +
      '    at listOnTimeout (node:internal/timers:569:17)\n' +
      '    at process.processTimers (node:internal/timers:512:7)',
    timestamp: '2023-09-17T16:07:00.014Z'
  }
}
{
  level: 'error',
  message: 'Uncaught Exception: app.get(...) is not a function',
  metadata: {
    stack: 'TypeError: app.get(...) is not a function\n' +
      '    at Job.job (D:\\RIS\\FYP\\combinenodejs-Git\\routes\\user_routes.js:383:27)\n' +
      '    at Job.invoke (D:\\RIS\\FYP\\combinenodejs-Git\\node_modules\\node-schedule\\lib\\Job.js:171:15)\n' +
      '    at D:\\RIS\\FYP\\combinenodejs-Git\\node_modules\\node-schedule\\lib\\Invocation.js:268:28\n' +
      '    at Timeout._onTimeout (D:\\RIS\\FYP\\combinenodejs-Git\\node_modules\\node-schedule\\lib\\Invocation.js:228:7)\n' +
      '    at listOnTimeout (node:internal/timers:569:17)\n' +
      '    at process.processTimers (node:internal/timers:512:7)',
    timestamp: '2023-09-17T16:08:30.014Z'
  }
}
{
  level: 'error',
  message: "Uncaught Exception: Cannot read properties of null (reading 'method')",
  metadata: {
    stack: "TypeError: Cannot read properties of null (reading 'method')\n" +
      '    at Function.handle (D:\\RIS\\FYP\\combinenodejs-Git\\node_modules\\express\\lib\\router\\index.js:139:34)\n' +
      '    at router (D:\\RIS\\FYP\\combinenodejs-Git\\node_modules\\express\\lib\\router\\index.js:47:12)\n' +
      '    at Job.job (D:\\RIS\\FYP\\combinenodejs-Git\\routes\\user_routes.js:382:30)\n' +
      '    at Job.invoke (D:\\RIS\\FYP\\combinenodejs-Git\\node_modules\\node-schedule\\lib\\Job.js:171:15)\n' +
      '    at D:\\RIS\\FYP\\combinenodejs-Git\\node_modules\\node-schedule\\lib\\Invocation.js:268:28\n' +
      '    at Timeout._onTimeout (D:\\RIS\\FYP\\combinenodejs-Git\\node_modules\\node-schedule\\lib\\Invocation.js:228:7)\n' +
      '    at listOnTimeout (node:internal/timers:569:17)\n' +
      '    at process.processTimers (node:internal/timers:512:7)',
    timestamp: '2023-09-17T16:09:00.014Z'
  }
}
{
  level: 'error',
  message: "Uncaught Exception: Cannot read properties of null (reading 'method')",
  metadata: {
    stack: "TypeError: Cannot read properties of null (reading 'method')\n" +
      '    at Function.handle (D:\\RIS\\FYP\\combinenodejs-Git\\node_modules\\express\\lib\\router\\index.js:139:34)\n' +
      '    at router (D:\\RIS\\FYP\\combinenodejs-Git\\node_modules\\express\\lib\\router\\index.js:47:12)\n' +
      '    at Job.job (D:\\RIS\\FYP\\combinenodejs-Git\\routes\\user_routes.js:382:30)\n' +
      '    at Job.invoke (D:\\RIS\\FYP\\combinenodejs-Git\\node_modules\\node-schedule\\lib\\Job.js:171:15)\n' +
      '    at D:\\RIS\\FYP\\combinenodejs-Git\\node_modules\\node-schedule\\lib\\Invocation.js:268:28\n' +
      '    at Timeout._onTimeout (D:\\RIS\\FYP\\combinenodejs-Git\\node_modules\\node-schedule\\lib\\Invocation.js:228:7)\n' +
      '    at listOnTimeout (node:internal/timers:569:17)\n' +
      '    at process.processTimers (node:internal/timers:512:7)',
    timestamp: '2023-09-17T16:09:15.012Z'
  }
}
{
  level: 'error',
  message: 'Error transferring data to the smart contract: Returned error: already known',
  metadata: {
    data: null,
    stack: 'Error: Returned error: already known\n' +
      '    at Object.ErrorResponse (D:\\RIS\\FYP\\combinenodejs-Git\\node_modules\\web3-core-helpers\\src\\errors.js:30:19)\n' +
      '    at onJsonrpcResult (D:\\RIS\\FYP\\combinenodejs-Git\\node_modules\\web3-core-requestmanager\\src\\index.js:172:36)\n' +
      '    at request.onreadystatechange (D:\\RIS\\FYP\\combinenodejs-Git\\node_modules\\web3-providers-http\\src\\index.js:111:13)\n' +
      '    at XMLHttpRequestEventTarget.dispatchEvent (D:\\RIS\\FYP\\combinenodejs-Git\\node_modules\\xhr2-cookies\\dist\\xml-http-request-event-target.js:34:22)\n' +
      '    at XMLHttpRequest._setReadyState (D:\\RIS\\FYP\\combinenodejs-Git\\node_modules\\xhr2-cookies\\dist\\xml-http-request.js:208:14)\n' +
      '    at XMLHttpRequest._onHttpResponseEnd (D:\\RIS\\FYP\\combinenodejs-Git\\node_modules\\xhr2-cookies\\dist\\xml-http-request.js:318:14)\n' +
      '    at IncomingMessage.<anonymous> (D:\\RIS\\FYP\\combinenodejs-Git\\node_modules\\xhr2-cookies\\dist\\xml-http-request.js:289:61)\n' +
      '    at IncomingMessage.emit (node:events:525:35)\n' +
      '    at endReadableNT (node:internal/streams/readable:1359:12)\n' +
      '    at process.processTicksAndRejections (node:internal/process/task_queues:82:21)',
    timestamp: '2023-09-17T16:16:31.008Z'
  }
}
{
  level: 'error',
  message: 'Error transferring data to the smart contract: Returned error: nonce too low: next nonce 131, tx nonce 130',
  metadata: {
    data: null,
    stack: 'Error: Returned error: nonce too low: next nonce 131, tx nonce 130\n' +
      '    at Object.ErrorResponse (D:\\RIS\\FYP\\combinenodejs-Git\\node_modules\\web3-core-helpers\\src\\errors.js:30:19)\n' +
      '    at onJsonrpcResult (D:\\RIS\\FYP\\combinenodejs-Git\\node_modules\\web3-core-requestmanager\\src\\index.js:172:36)\n' +
      '    at request.onreadystatechange (D:\\RIS\\FYP\\combinenodejs-Git\\node_modules\\web3-providers-http\\src\\index.js:111:13)\n' +
      '    at XMLHttpRequestEventTarget.dispatchEvent (D:\\RIS\\FYP\\combinenodejs-Git\\node_modules\\xhr2-cookies\\dist\\xml-http-request-event-target.js:34:22)\n' +
      '    at XMLHttpRequest._setReadyState (D:\\RIS\\FYP\\combinenodejs-Git\\node_modules\\xhr2-cookies\\dist\\xml-http-request.js:208:14)\n' +
      '    at XMLHttpRequest._onHttpResponseEnd (D:\\RIS\\FYP\\combinenodejs-Git\\node_modules\\xhr2-cookies\\dist\\xml-http-request.js:318:14)\n' +
      '    at IncomingMessage.<anonymous> (D:\\RIS\\FYP\\combinenodejs-Git\\node_modules\\xhr2-cookies\\dist\\xml-http-request.js:289:61)\n' +
      '    at IncomingMessage.emit (node:events:525:35)\n' +
      '    at endReadableNT (node:internal/streams/readable:1359:12)\n' +
      '    at process.processTicksAndRejections (node:internal/process/task_queues:82:21)',
    timestamp: '2023-09-17T16:20:46.063Z'
  }
}
{
  level: 'error',
  message: 'Error transferring data to the smart contract: Returned error: already known',
  metadata: {
    data: null,
    stack: 'Error: Returned error: already known\n' +
      '    at Object.ErrorResponse (D:\\RIS\\FYP\\combinenodejs-Git\\node_modules\\web3-core-helpers\\src\\errors.js:30:19)\n' +
      '    at onJsonrpcResult (D:\\RIS\\FYP\\combinenodejs-Git\\node_modules\\web3-core-requestmanager\\src\\index.js:172:36)\n' +
      '    at request.onreadystatechange (D:\\RIS\\FYP\\combinenodejs-Git\\node_modules\\web3-providers-http\\src\\index.js:111:13)\n' +
      '    at XMLHttpRequestEventTarget.dispatchEvent (D:\\RIS\\FYP\\combinenodejs-Git\\node_modules\\xhr2-cookies\\dist\\xml-http-request-event-target.js:34:22)\n' +
      '    at XMLHttpRequest._setReadyState (D:\\RIS\\FYP\\combinenodejs-Git\\node_modules\\xhr2-cookies\\dist\\xml-http-request.js:208:14)\n' +
      '    at XMLHttpRequest._onHttpResponseEnd (D:\\RIS\\FYP\\combinenodejs-Git\\node_modules\\xhr2-cookies\\dist\\xml-http-request.js:318:14)\n' +
      '    at IncomingMessage.<anonymous> (D:\\RIS\\FYP\\combinenodejs-Git\\node_modules\\xhr2-cookies\\dist\\xml-http-request.js:289:61)\n' +
      '    at IncomingMessage.emit (node:events:525:35)\n' +
      '    at endReadableNT (node:internal/streams/readable:1359:12)\n' +
      '    at process.processTicksAndRejections (node:internal/process/task_queues:82:21)',
    timestamp: '2023-09-17T16:24:46.022Z'
  }
}
{
  level: 'error',
  message: 'Error transferring data to the smart contract: Returned error: already known',
  metadata: {
    data: null,
    stack: 'Error: Returned error: already known\n' +
      '    at Object.ErrorResponse (D:\\RIS\\FYP\\combinenodejs-Git\\node_modules\\web3-core-helpers\\src\\errors.js:30:19)\n' +
      '    at onJsonrpcResult (D:\\RIS\\FYP\\combinenodejs-Git\\node_modules\\web3-core-requestmanager\\src\\index.js:172:36)\n' +
      '    at request.onreadystatechange (D:\\RIS\\FYP\\combinenodejs-Git\\node_modules\\web3-providers-http\\src\\index.js:111:13)\n' +
      '    at XMLHttpRequestEventTarget.dispatchEvent (D:\\RIS\\FYP\\combinenodejs-Git\\node_modules\\xhr2-cookies\\dist\\xml-http-request-event-target.js:34:22)\n' +
      '    at XMLHttpRequest._setReadyState (D:\\RIS\\FYP\\combinenodejs-Git\\node_modules\\xhr2-cookies\\dist\\xml-http-request.js:208:14)\n' +
      '    at XMLHttpRequest._onHttpResponseEnd (D:\\RIS\\FYP\\combinenodejs-Git\\node_modules\\xhr2-cookies\\dist\\xml-http-request.js:318:14)\n' +
      '    at IncomingMessage.<anonymous> (D:\\RIS\\FYP\\combinenodejs-Git\\node_modules\\xhr2-cookies\\dist\\xml-http-request.js:289:61)\n' +
      '    at IncomingMessage.emit (node:events:525:35)\n' +
      '    at endReadableNT (node:internal/streams/readable:1359:12)\n' +
      '    at process.processTicksAndRejections (node:internal/process/task_queues:82:21)',
    timestamp: '2023-09-17T16:25:15.528Z'
  }
}
{
  level: 'error',
  message: 'Error transferring data to the smart contract: Returned error: already known',
  metadata: {
    data: null,
    stack: 'Error: Returned error: already known\n' +
      '    at Object.ErrorResponse (D:\\RIS\\FYP\\combinenodejs-Git\\node_modules\\web3-core-helpers\\src\\errors.js:30:19)\n' +
      '    at onJsonrpcResult (D:\\RIS\\FYP\\combinenodejs-Git\\node_modules\\web3-core-requestmanager\\src\\index.js:172:36)\n' +
      '    at request.onreadystatechange (D:\\RIS\\FYP\\combinenodejs-Git\\node_modules\\web3-providers-http\\src\\index.js:111:13)\n' +
      '    at XMLHttpRequestEventTarget.dispatchEvent (D:\\RIS\\FYP\\combinenodejs-Git\\node_modules\\xhr2-cookies\\dist\\xml-http-request-event-target.js:34:22)\n' +
      '    at XMLHttpRequest._setReadyState (D:\\RIS\\FYP\\combinenodejs-Git\\node_modules\\xhr2-cookies\\dist\\xml-http-request.js:208:14)\n' +
      '    at XMLHttpRequest._onHttpResponseEnd (D:\\RIS\\FYP\\combinenodejs-Git\\node_modules\\xhr2-cookies\\dist\\xml-http-request.js:318:14)\n' +
      '    at IncomingMessage.<anonymous> (D:\\RIS\\FYP\\combinenodejs-Git\\node_modules\\xhr2-cookies\\dist\\xml-http-request.js:289:61)\n' +
      '    at IncomingMessage.emit (node:events:525:35)\n' +
      '    at endReadableNT (node:internal/streams/readable:1359:12)\n' +
      '    at process.processTicksAndRejections (node:internal/process/task_queues:82:21)',
    timestamp: '2023-09-17T16:25:30.525Z'
  }
}
{
  level: 'error',
  message: 'Error transferring data to the smart contract: Returned error: already known',
  metadata: {
    data: null,
    stack: 'Error: Returned error: already known\n' +
      '    at Object.ErrorResponse (D:\\RIS\\FYP\\combinenodejs-Git\\node_modules\\web3-core-helpers\\src\\errors.js:30:19)\n' +
      '    at onJsonrpcResult (D:\\RIS\\FYP\\combinenodejs-Git\\node_modules\\web3-core-requestmanager\\src\\index.js:172:36)\n' +
      '    at request.onreadystatechange (D:\\RIS\\FYP\\combinenodejs-Git\\node_modules\\web3-providers-http\\src\\index.js:111:13)\n' +
      '    at XMLHttpRequestEventTarget.dispatchEvent (D:\\RIS\\FYP\\combinenodejs-Git\\node_modules\\xhr2-cookies\\dist\\xml-http-request-event-target.js:34:22)\n' +
      '    at XMLHttpRequest._setReadyState (D:\\RIS\\FYP\\combinenodejs-Git\\node_modules\\xhr2-cookies\\dist\\xml-http-request.js:208:14)\n' +
      '    at XMLHttpRequest._onHttpResponseEnd (D:\\RIS\\FYP\\combinenodejs-Git\\node_modules\\xhr2-cookies\\dist\\xml-http-request.js:318:14)\n' +
      '    at IncomingMessage.<anonymous> (D:\\RIS\\FYP\\combinenodejs-Git\\node_modules\\xhr2-cookies\\dist\\xml-http-request.js:289:61)\n' +
      '    at IncomingMessage.emit (node:events:525:35)\n' +
      '    at endReadableNT (node:internal/streams/readable:1359:12)\n' +
      '    at process.processTicksAndRejections (node:internal/process/task_queues:82:21)',
    timestamp: '2023-09-17T16:25:45.527Z'
  }
}
{
  level: 'error',
  message: 'Error transferring data to the smart contract: Returned error: already known',
  metadata: {
    data: null,
    stack: 'Error: Returned error: already known\n' +
      '    at Object.ErrorResponse (D:\\RIS\\FYP\\combinenodejs-Git\\node_modules\\web3-core-helpers\\src\\errors.js:30:19)\n' +
      '    at onJsonrpcResult (D:\\RIS\\FYP\\combinenodejs-Git\\node_modules\\web3-core-requestmanager\\src\\index.js:172:36)\n' +
      '    at request.onreadystatechange (D:\\RIS\\FYP\\combinenodejs-Git\\node_modules\\web3-providers-http\\src\\index.js:111:13)\n' +
      '    at XMLHttpRequestEventTarget.dispatchEvent (D:\\RIS\\FYP\\combinenodejs-Git\\node_modules\\xhr2-cookies\\dist\\xml-http-request-event-target.js:34:22)\n' +
      '    at XMLHttpRequest._setReadyState (D:\\RIS\\FYP\\combinenodejs-Git\\node_modules\\xhr2-cookies\\dist\\xml-http-request.js:208:14)\n' +
      '    at XMLHttpRequest._onHttpResponseEnd (D:\\RIS\\FYP\\combinenodejs-Git\\node_modules\\xhr2-cookies\\dist\\xml-http-request.js:318:14)\n' +
      '    at IncomingMessage.<anonymous> (D:\\RIS\\FYP\\combinenodejs-Git\\node_modules\\xhr2-cookies\\dist\\xml-http-request.js:289:61)\n' +
      '    at IncomingMessage.emit (node:events:525:35)\n' +
      '    at endReadableNT (node:internal/streams/readable:1359:12)\n' +
      '    at process.processTicksAndRejections (node:internal/process/task_queues:82:21)',
    timestamp: '2023-09-17T16:26:00.511Z'
  }
}
{
  level: 'error',
  message: 'Error transferring data to the smart contract: Returned error: replacement transaction underpriced',
  metadata: {
    data: null,
    stack: 'Error: Returned error: replacement transaction underpriced\n' +
      '    at Object.ErrorResponse (D:\\RIS\\FYP\\combinenodejs-Git\\node_modules\\web3-core-helpers\\src\\errors.js:30:19)\n' +
      '    at onJsonrpcResult (D:\\RIS\\FYP\\combinenodejs-Git\\node_modules\\web3-core-requestmanager\\src\\index.js:172:36)\n' +
      '    at request.onreadystatechange (D:\\RIS\\FYP\\combinenodejs-Git\\node_modules\\web3-providers-http\\src\\index.js:111:13)\n' +
      '    at XMLHttpRequestEventTarget.dispatchEvent (D:\\RIS\\FYP\\combinenodejs-Git\\node_modules\\xhr2-cookies\\dist\\xml-http-request-event-target.js:34:22)\n' +
      '    at XMLHttpRequest._setReadyState (D:\\RIS\\FYP\\combinenodejs-Git\\node_modules\\xhr2-cookies\\dist\\xml-http-request.js:208:14)\n' +
      '    at XMLHttpRequest._onHttpResponseEnd (D:\\RIS\\FYP\\combinenodejs-Git\\node_modules\\xhr2-cookies\\dist\\xml-http-request.js:318:14)\n' +
      '    at IncomingMessage.<anonymous> (D:\\RIS\\FYP\\combinenodejs-Git\\node_modules\\xhr2-cookies\\dist\\xml-http-request.js:289:61)\n' +
      '    at IncomingMessage.emit (node:events:525:35)\n' +
      '    at endReadableNT (node:internal/streams/readable:1359:12)\n' +
      '    at process.processTicksAndRejections (node:internal/process/task_queues:82:21)',
    timestamp: '2023-09-17T16:27:00.522Z'
  }
}
{
  level: 'error',
  message: 'Error transferring data to the smart contract: Returned error: replacement transaction underpriced',
  metadata: {
    data: null,
    stack: 'Error: Returned error: replacement transaction underpriced\n' +
      '    at Object.ErrorResponse (D:\\RIS\\FYP\\combinenodejs-Git\\node_modules\\web3-core-helpers\\src\\errors.js:30:19)\n' +
      '    at onJsonrpcResult (D:\\RIS\\FYP\\combinenodejs-Git\\node_modules\\web3-core-requestmanager\\src\\index.js:172:36)\n' +
      '    at request.onreadystatechange (D:\\RIS\\FYP\\combinenodejs-Git\\node_modules\\web3-providers-http\\src\\index.js:111:13)\n' +
      '    at XMLHttpRequestEventTarget.dispatchEvent (D:\\RIS\\FYP\\combinenodejs-Git\\node_modules\\xhr2-cookies\\dist\\xml-http-request-event-target.js:34:22)\n' +
      '    at XMLHttpRequest._setReadyState (D:\\RIS\\FYP\\combinenodejs-Git\\node_modules\\xhr2-cookies\\dist\\xml-http-request.js:208:14)\n' +
      '    at XMLHttpRequest._onHttpResponseEnd (D:\\RIS\\FYP\\combinenodejs-Git\\node_modules\\xhr2-cookies\\dist\\xml-http-request.js:318:14)\n' +
      '    at IncomingMessage.<anonymous> (D:\\RIS\\FYP\\combinenodejs-Git\\node_modules\\xhr2-cookies\\dist\\xml-http-request.js:289:61)\n' +
      '    at IncomingMessage.emit (node:events:525:35)\n' +
      '    at endReadableNT (node:internal/streams/readable:1359:12)\n' +
      '    at process.processTicksAndRejections (node:internal/process/task_queues:82:21)',
    timestamp: '2023-09-17T16:29:00.553Z'
  }
}
{
  level: 'error',
  message: 'Error transferring data to the smart contract: Returned error: replacement transaction underpriced',
  metadata: {
    data: null,
    stack: 'Error: Returned error: replacement transaction underpriced\n' +
      '    at Object.ErrorResponse (D:\\RIS\\FYP\\combinenodejs-Git\\node_modules\\web3-core-helpers\\src\\errors.js:30:19)\n' +
      '    at onJsonrpcResult (D:\\RIS\\FYP\\combinenodejs-Git\\node_modules\\web3-core-requestmanager\\src\\index.js:172:36)\n' +
      '    at request.onreadystatechange (D:\\RIS\\FYP\\combinenodejs-Git\\node_modules\\web3-providers-http\\src\\index.js:111:13)\n' +
      '    at XMLHttpRequestEventTarget.dispatchEvent (D:\\RIS\\FYP\\combinenodejs-Git\\node_modules\\xhr2-cookies\\dist\\xml-http-request-event-target.js:34:22)\n' +
      '    at XMLHttpRequest._setReadyState (D:\\RIS\\FYP\\combinenodejs-Git\\node_modules\\xhr2-cookies\\dist\\xml-http-request.js:208:14)\n' +
      '    at XMLHttpRequest._onHttpResponseEnd (D:\\RIS\\FYP\\combinenodejs-Git\\node_modules\\xhr2-cookies\\dist\\xml-http-request.js:318:14)\n' +
      '    at IncomingMessage.<anonymous> (D:\\RIS\\FYP\\combinenodejs-Git\\node_modules\\xhr2-cookies\\dist\\xml-http-request.js:289:61)\n' +
      '    at IncomingMessage.emit (node:events:525:35)\n' +
      '    at endReadableNT (node:internal/streams/readable:1359:12)\n' +
      '    at process.processTicksAndRejections (node:internal/process/task_queues:82:21)',
    timestamp: '2023-09-17T16:29:15.996Z'
  }
}
{
  level: 'error',
  message: 'HTTP GET /get-duriandata?farmID=333&treeID=5678&durianID=1234568',
  metadata: {
    meta: {
      req: {
        url: '/get-duriandata?farmID=333&treeID=5678&durianID=1234568',
        headers: {
          host: 'localhost:9000',
          connection: 'keep-alive',
          'cache-control': 'max-age=0',
          'sec-ch-ua': '"Chromium";v="116", "Not)A;Brand";v="24", "Google Chrome";v="116"',
          'sec-ch-ua-mobile': '?0',
          'sec-ch-ua-platform': '"Windows"',
          'upgrade-insecure-requests': '1',
          'user-agent': 'Mozilla/5.0 (Windows NT 10.0; Win64; x64) AppleWebKit/537.36 (KHTML, like Gecko) Chrome/116.0.0.0 Safari/537.36',
          accept: 'text/html,application/xhtml+xml,application/xml;q=0.9,image/avif,image/webp,image/apng,*/*;q=0.8,application/signed-exchange;v=b3;q=0.7',
          'sec-fetch-site': 'none',
          'sec-fetch-mode': 'navigate',
          'sec-fetch-user': '?1',
          'sec-fetch-dest': 'document',
          'accept-encoding': 'gzip, deflate, br',
          'accept-language': 'en-US,en;q=0.9',
          cookie: 'connect.sid=s%3AK-RFoDQGyt72eXlELPOm2-lqh0jYQjNI.mHRCG4Ms9mEYGMFPunHXp3JBdQWzGH4vt2wIgdgwO1s'
        },
        method: 'GET',
        httpVersion: '1.1',
        originalUrl: '/get-duriandata?farmID=333&treeID=5678&durianID=1234568',
        query: { farmID: '333', treeID: '5678', durianID: '1234568' }
      },
      res: { statusCode: 500 },
      responseTime: 1086
    },
    timestamp: '2023-09-19T10:33:40.426Z'
  }
}
{
  level: 'error',
  message: 'HTTP GET /get-duriandata?farmID=333&treeID=5678&durianID=1234568',
  metadata: {
    meta: {
      req: {
        url: '/get-duriandata?farmID=333&treeID=5678&durianID=1234568',
        headers: {
          host: 'localhost:9000',
          connection: 'keep-alive',
          'user-agent': 'Mozilla/5.0 (Windows NT 10.0; Win64; x64) AppleWebKit/537.36 (KHTML, like Gecko) Chrome/116.0.0.0 Safari/537.36',
          accept: '*/*',
          'sec-fetch-site': 'none',
          'sec-fetch-mode': 'cors',
          'sec-fetch-dest': 'empty',
          'accept-encoding': 'gzip, deflate, br',
          'accept-language': 'en-US,en;q=0.9',
          cookie: 'connect.sid=s%3AKzVY6HNHclDr45QEdTe6qmhJ143PjpXw.WnlYIuvmadrTcwo1sWi95T6UPTx%2Fbb%2BunET5cCn6s00',
          'if-none-match': 'W/"11f9-4vGHa7A35sEQ9nxYy+cYxnoWNhA"'
        },
        method: 'GET',
        httpVersion: '1.1',
        originalUrl: '/get-duriandata?farmID=333&treeID=5678&durianID=1234568',
        query: { farmID: '333', treeID: '5678', durianID: '1234568' }
      },
      res: { statusCode: 500 },
      responseTime: 249
    },
    timestamp: '2023-09-19T10:33:40.855Z'
  }
}
{
  level: 'error',
  message: 'HTTP GET /reviews?farmID=333&treeID=5678',
  metadata: {
    meta: {
      req: {
        url: '/reviews?farmID=333&treeID=5678',
        headers: {
          host: 'localhost:9000',
          connection: 'keep-alive',
          'cache-control': 'max-age=0',
          'sec-ch-ua': '"Chromium";v="116", "Not)A;Brand";v="24", "Google Chrome";v="116"',
          'sec-ch-ua-mobile': '?0',
          'sec-ch-ua-platform': '"Windows"',
          'upgrade-insecure-requests': '1',
          'user-agent': 'Mozilla/5.0 (Windows NT 10.0; Win64; x64) AppleWebKit/537.36 (KHTML, like Gecko) Chrome/116.0.0.0 Safari/537.36',
          accept: 'text/html,application/xhtml+xml,application/xml;q=0.9,image/avif,image/webp,image/apng,*/*;q=0.8,application/signed-exchange;v=b3;q=0.7',
          'sec-fetch-site': 'same-origin',
          'sec-fetch-mode': 'navigate',
          'sec-fetch-user': '?1',
          'sec-fetch-dest': 'document',
          referer: 'http://localhost:9000/get-duriandata?farmID=333&treeID=5678&durianID=1234568',
          'accept-encoding': 'gzip, deflate, br',
          'accept-language': 'en-US,en;q=0.9',
          cookie: 'connect.sid=s%3AI0_FU7lkMFDt1SzJuxR8LR5xLk2uu-Ce.B%2BJ%2BpOLuEByBq5F2xnFiKp4DAGs6JPiIQ1d3iP%2FlrS0',
          'if-none-match': 'W/"1cf1-/YDn1ZLeUs8xD2Eq1DX385Ca4to"'
        },
        method: 'GET',
        httpVersion: '1.1',
        originalUrl: '/reviews?farmID=333&treeID=5678',
        query: { farmID: '333', treeID: '5678' }
      },
      res: { statusCode: 500 },
      responseTime: 3
    },
    timestamp: '2023-09-23T06:37:29.857Z'
  }
}
{
  level: 'error',
  message: 'HTTP GET /reviews?farmID=333&treeID=5678',
  metadata: {
    meta: {
      req: {
        url: '/reviews?farmID=333&treeID=5678',
        headers: {
          host: 'localhost:9000',
          connection: 'keep-alive',
          'user-agent': 'Mozilla/5.0 (Windows NT 10.0; Win64; x64) AppleWebKit/537.36 (KHTML, like Gecko) Chrome/116.0.0.0 Safari/537.36',
          accept: '*/*',
          'sec-fetch-site': 'none',
          'sec-fetch-mode': 'cors',
          'sec-fetch-dest': 'empty',
          'accept-encoding': 'gzip, deflate, br',
          'accept-language': 'en-US,en;q=0.9',
          cookie: 'connect.sid=s%3AI0_FU7lkMFDt1SzJuxR8LR5xLk2uu-Ce.B%2BJ%2BpOLuEByBq5F2xnFiKp4DAGs6JPiIQ1d3iP%2FlrS0',
          'if-none-match': 'W/"1cf1-/YDn1ZLeUs8xD2Eq1DX385Ca4to"'
        },
        method: 'GET',
        httpVersion: '1.1',
        originalUrl: '/reviews?farmID=333&treeID=5678',
        query: { farmID: '333', treeID: '5678' }
      },
      res: { statusCode: 500 },
      responseTime: 2
    },
    timestamp: '2023-09-23T06:37:29.956Z'
  }
}
{
  level: 'error',
  message: 'Error storing review: rating is not defined',
  metadata: {
    stack: 'ReferenceError: rating is not defined\n' +
      '    at D:\\RIS\\FYP\\combinenodejs-Git\\routes\\user_routes.js:282:4\n' +
      '    at Layer.handle [as handle_request] (D:\\RIS\\FYP\\combinenodejs-Git\\node_modules\\express\\lib\\router\\layer.js:95:5)\n' +
      '    at next (D:\\RIS\\FYP\\combinenodejs-Git\\node_modules\\express\\lib\\router\\route.js:144:13)\n' +
      '    at Route.dispatch (D:\\RIS\\FYP\\combinenodejs-Git\\node_modules\\express\\lib\\router\\route.js:114:3)\n' +
      '    at Layer.handle [as handle_request] (D:\\RIS\\FYP\\combinenodejs-Git\\node_modules\\express\\lib\\router\\layer.js:95:5)\n' +
      '    at D:\\RIS\\FYP\\combinenodejs-Git\\node_modules\\express\\lib\\router\\index.js:284:15\n' +
      '    at Function.process_params (D:\\RIS\\FYP\\combinenodejs-Git\\node_modules\\express\\lib\\router\\index.js:346:12)\n' +
      '    at next (D:\\RIS\\FYP\\combinenodejs-Git\\node_modules\\express\\lib\\router\\index.js:280:10)\n' +
      '    at Layer.handle [as handle_request] (D:\\RIS\\FYP\\combinenodejs-Git\\node_modules\\express\\lib\\router\\layer.js:91:12)\n' +
      '    at trim_prefix (D:\\RIS\\FYP\\combinenodejs-Git\\node_modules\\express\\lib\\router\\index.js:328:13)\n' +
      '    at D:\\RIS\\FYP\\combinenodejs-Git\\node_modules\\express\\lib\\router\\index.js:286:9\n' +
      '    at Function.process_params (D:\\RIS\\FYP\\combinenodejs-Git\\node_modules\\express\\lib\\router\\index.js:346:12)\n' +
      '    at next (D:\\RIS\\FYP\\combinenodejs-Git\\node_modules\\express\\lib\\router\\index.js:280:10)\n' +
      '    at Layer.handle [as handle_request] (D:\\RIS\\FYP\\combinenodejs-Git\\node_modules\\express\\lib\\router\\layer.js:91:12)\n' +
      '    at trim_prefix (D:\\RIS\\FYP\\combinenodejs-Git\\node_modules\\express\\lib\\router\\index.js:328:13)\n' +
      '    at D:\\RIS\\FYP\\combinenodejs-Git\\node_modules\\express\\lib\\router\\index.js:286:9',
    timestamp: '2023-09-23T08:54:40.146Z'
  }
}
{
  level: 'error',
  message: 'HTTP POST /store-review',
  metadata: {
    meta: {
      req: {
        url: '/store-review',
        headers: {
          host: 'localhost:9000',
          connection: 'keep-alive',
          'content-length': '69',
          'sec-ch-ua': '"Chromium";v="116", "Not)A;Brand";v="24", "Google Chrome";v="116"',
          'sec-ch-ua-platform': '"Windows"',
          'sec-ch-ua-mobile': '?0',
          'user-agent': 'Mozilla/5.0 (Windows NT 10.0; Win64; x64) AppleWebKit/537.36 (KHTML, like Gecko) Chrome/116.0.0.0 Safari/537.36',
          'content-type': 'application/json',
          accept: '*/*',
          origin: 'http://localhost:9000',
          'sec-fetch-site': 'same-origin',
          'sec-fetch-mode': 'cors',
          'sec-fetch-dest': 'empty',
          referer: 'http://localhost:9000/reviews?farmID=333&treeID=5678',
          'accept-encoding': 'gzip, deflate, br',
          'accept-language': 'en-US,en;q=0.9',
          cookie: 'connect.sid=s%3ATT2rSglaYaMyj4N_llfVNAEggwsjRC77.3235F8tiz%2BLmWmDkxdubLJTJ03GvlVX4fIshAxw1TMA'
        },
        method: 'POST',
        httpVersion: '1.1',
        originalUrl: '/store-review',
        query: {}
      },
      res: { statusCode: 500 },
      responseTime: 3
    },
    timestamp: '2023-09-23T08:54:40.150Z'
  }
}
{
  level: 'error',
  message: 'Error storing review: creaminess is not defined',
  metadata: {
    stack: 'ReferenceError: creaminess is not defined\n' +
      '    at D:\\RIS\\FYP\\combinenodejs-Git\\routes\\user_routes.js:283:4\n' +
      '    at Layer.handle [as handle_request] (D:\\RIS\\FYP\\combinenodejs-Git\\node_modules\\express\\lib\\router\\layer.js:95:5)\n' +
      '    at next (D:\\RIS\\FYP\\combinenodejs-Git\\node_modules\\express\\lib\\router\\route.js:144:13)\n' +
      '    at Route.dispatch (D:\\RIS\\FYP\\combinenodejs-Git\\node_modules\\express\\lib\\router\\route.js:114:3)\n' +
      '    at Layer.handle [as handle_request] (D:\\RIS\\FYP\\combinenodejs-Git\\node_modules\\express\\lib\\router\\layer.js:95:5)\n' +
      '    at D:\\RIS\\FYP\\combinenodejs-Git\\node_modules\\express\\lib\\router\\index.js:284:15\n' +
      '    at Function.process_params (D:\\RIS\\FYP\\combinenodejs-Git\\node_modules\\express\\lib\\router\\index.js:346:12)\n' +
      '    at next (D:\\RIS\\FYP\\combinenodejs-Git\\node_modules\\express\\lib\\router\\index.js:280:10)\n' +
      '    at Layer.handle [as handle_request] (D:\\RIS\\FYP\\combinenodejs-Git\\node_modules\\express\\lib\\router\\layer.js:91:12)\n' +
      '    at trim_prefix (D:\\RIS\\FYP\\combinenodejs-Git\\node_modules\\express\\lib\\router\\index.js:328:13)\n' +
      '    at D:\\RIS\\FYP\\combinenodejs-Git\\node_modules\\express\\lib\\router\\index.js:286:9\n' +
      '    at Function.process_params (D:\\RIS\\FYP\\combinenodejs-Git\\node_modules\\express\\lib\\router\\index.js:346:12)\n' +
      '    at next (D:\\RIS\\FYP\\combinenodejs-Git\\node_modules\\express\\lib\\router\\index.js:280:10)\n' +
      '    at Layer.handle [as handle_request] (D:\\RIS\\FYP\\combinenodejs-Git\\node_modules\\express\\lib\\router\\layer.js:91:12)\n' +
      '    at trim_prefix (D:\\RIS\\FYP\\combinenodejs-Git\\node_modules\\express\\lib\\router\\index.js:328:13)\n' +
      '    at D:\\RIS\\FYP\\combinenodejs-Git\\node_modules\\express\\lib\\router\\index.js:286:9',
    timestamp: '2023-09-23T09:07:45.584Z'
  }
}
{
  level: 'error',
  message: 'HTTP POST /store-review',
  metadata: {
    meta: {
      req: {
        url: '/store-review',
        headers: {
          host: 'localhost:9000',
          connection: 'keep-alive',
          'content-length': '68',
          'sec-ch-ua': '"Chromium";v="116", "Not)A;Brand";v="24", "Google Chrome";v="116"',
          'sec-ch-ua-platform': '"Windows"',
          'sec-ch-ua-mobile': '?0',
          'user-agent': 'Mozilla/5.0 (Windows NT 10.0; Win64; x64) AppleWebKit/537.36 (KHTML, like Gecko) Chrome/116.0.0.0 Safari/537.36',
          'content-type': 'application/json',
          accept: '*/*',
          origin: 'http://localhost:9000',
          'sec-fetch-site': 'same-origin',
          'sec-fetch-mode': 'cors',
          'sec-fetch-dest': 'empty',
          referer: 'http://localhost:9000/reviews?farmID=333&treeID=5678',
          'accept-encoding': 'gzip, deflate, br',
          'accept-language': 'en-US,en;q=0.9',
          cookie: 'connect.sid=s%3ApndTGISSRI4IAFp_SbCuP0mgIdJm5roT.7UAo89VbqDdoKUckat9xKlbKkUGLUNTZp8iDGxK4%2Fas'
        },
        method: 'POST',
        httpVersion: '1.1',
        originalUrl: '/store-review',
        query: {}
      },
      res: { statusCode: 500 },
      responseTime: 4
    },
    timestamp: '2023-09-23T09:07:45.589Z'
  }
}
{
  level: 'error',
  message: 'HTTP GET /add-review-to-contract',
  metadata: {
    meta: {
      req: {
        url: '/add-review-to-contract',
        headers: {
          host: 'localhost:9000',
          connection: 'keep-alive',
          'sec-ch-ua': '"Chromium";v="116", "Not)A;Brand";v="24", "Google Chrome";v="116"',
          'sec-ch-ua-mobile': '?0',
          'user-agent': 'Mozilla/5.0 (Windows NT 10.0; Win64; x64) AppleWebKit/537.36 (KHTML, like Gecko) Chrome/116.0.0.0 Safari/537.36',
          'sec-ch-ua-platform': '"Windows"',
          accept: '*/*',
          'sec-fetch-site': 'same-origin',
          'sec-fetch-mode': 'cors',
          'sec-fetch-dest': 'empty',
          referer: 'http://localhost:9000/admin/dashboard',
          'accept-encoding': 'gzip, deflate, br',
          'accept-language': 'en-US,en;q=0.9',
          cookie: 'connect.sid=s%3A0ih6q08Az12UGkfTFTG2d48jHQBoQoHb.Oj70a1th%2BbjaIAFVZzfzOj%2FFu1DGq10Q%2B9WUGhKETPM',
          'if-none-match': 'W/"4a-cyZBAJSoP8/NLALwGEX7HG8xaaE"'
        },
        method: 'GET',
        httpVersion: '1.1',
        originalUrl: '/add-review-to-contract',
        query: {}
      },
      res: { statusCode: 500 },
      responseTime: 12
    },
    timestamp: '2023-09-24T06:17:53.416Z'
  }
}
{
  level: 'error',
  message: 'HTTP GET /add-review-to-contract',
  metadata: {
    meta: {
      req: {
        url: '/add-review-to-contract',
        headers: {
          host: 'localhost:9000',
          connection: 'keep-alive',
          'sec-ch-ua': '"Chromium";v="116", "Not)A;Brand";v="24", "Google Chrome";v="116"',
          'sec-ch-ua-mobile': '?0',
          'user-agent': 'Mozilla/5.0 (Windows NT 10.0; Win64; x64) AppleWebKit/537.36 (KHTML, like Gecko) Chrome/116.0.0.0 Safari/537.36',
          'sec-ch-ua-platform': '"Windows"',
          accept: '*/*',
          'sec-fetch-site': 'same-origin',
          'sec-fetch-mode': 'cors',
          'sec-fetch-dest': 'empty',
          referer: 'http://localhost:9000/admin/dashboard',
          'accept-encoding': 'gzip, deflate, br',
          'accept-language': 'en-US,en;q=0.9',
          cookie: 'connect.sid=s%3A78otR47ZW7ZDO2uYWNemMr5ldZOOVVSc.vgT9wunqHqcY%2FyOxM4KaMEhi7tV4isCMb7v9xioFMSk'
        },
        method: 'GET',
        httpVersion: '1.1',
        originalUrl: '/add-review-to-contract',
        query: {}
      },
      res: { statusCode: 500 },
      responseTime: 13
    },
    timestamp: '2023-09-24T06:19:30.270Z'
  }
}
{
  level: 'error',
  message: 'HTTP GET /add-review-to-contract',
  metadata: {
    meta: {
      req: {
        url: '/add-review-to-contract',
        headers: {
          host: 'localhost:9000',
          connection: 'keep-alive',
          'sec-ch-ua': '"Chromium";v="116", "Not)A;Brand";v="24", "Google Chrome";v="116"',
          'sec-ch-ua-mobile': '?0',
          'user-agent': 'Mozilla/5.0 (Windows NT 10.0; Win64; x64) AppleWebKit/537.36 (KHTML, like Gecko) Chrome/116.0.0.0 Safari/537.36',
          'sec-ch-ua-platform': '"Windows"',
          accept: '*/*',
          'sec-fetch-site': 'same-origin',
          'sec-fetch-mode': 'cors',
          'sec-fetch-dest': 'empty',
          referer: 'http://localhost:9000/admin/dashboard',
          'accept-encoding': 'gzip, deflate, br',
          'accept-language': 'en-US,en;q=0.9',
          cookie: 'connect.sid=s%3A78otR47ZW7ZDO2uYWNemMr5ldZOOVVSc.vgT9wunqHqcY%2FyOxM4KaMEhi7tV4isCMb7v9xioFMSk'
        },
        method: 'GET',
        httpVersion: '1.1',
        originalUrl: '/add-review-to-contract',
        query: {}
      },
      res: { statusCode: 500 },
      responseTime: 15
    },
    timestamp: '2023-09-24T06:19:39.735Z'
  }
}
{
  level: 'error',
  message: 'HTTP GET /add-review-to-contract',
  metadata: {
    meta: {
      req: {
        url: '/add-review-to-contract',
        headers: {
          host: 'localhost:9000',
          connection: 'keep-alive',
          'sec-ch-ua': '"Chromium";v="116", "Not)A;Brand";v="24", "Google Chrome";v="116"',
          'sec-ch-ua-mobile': '?0',
          'user-agent': 'Mozilla/5.0 (Windows NT 10.0; Win64; x64) AppleWebKit/537.36 (KHTML, like Gecko) Chrome/116.0.0.0 Safari/537.36',
          'sec-ch-ua-platform': '"Windows"',
          accept: '*/*',
          'sec-fetch-site': 'same-origin',
          'sec-fetch-mode': 'cors',
          'sec-fetch-dest': 'empty',
          referer: 'http://localhost:9000/admin/dashboard',
          'accept-encoding': 'gzip, deflate, br',
          'accept-language': 'en-US,en;q=0.9',
          cookie: 'connect.sid=s%3A78otR47ZW7ZDO2uYWNemMr5ldZOOVVSc.vgT9wunqHqcY%2FyOxM4KaMEhi7tV4isCMb7v9xioFMSk'
        },
        method: 'GET',
        httpVersion: '1.1',
        originalUrl: '/add-review-to-contract',
        query: {}
      },
      res: { statusCode: 500 },
      responseTime: 11
    },
    timestamp: '2023-09-24T06:21:31.112Z'
  }
}
{
  level: 'error',
  message: 'HTTP GET /add-review-to-contract',
  metadata: {
    meta: {
      req: {
        url: '/add-review-to-contract',
        headers: {
          host: 'localhost:9000',
          connection: 'keep-alive',
          'sec-ch-ua': '"Chromium";v="116", "Not)A;Brand";v="24", "Google Chrome";v="116"',
          'sec-ch-ua-mobile': '?0',
          'user-agent': 'Mozilla/5.0 (Windows NT 10.0; Win64; x64) AppleWebKit/537.36 (KHTML, like Gecko) Chrome/116.0.0.0 Safari/537.36',
          'sec-ch-ua-platform': '"Windows"',
          accept: '*/*',
          'sec-fetch-site': 'same-origin',
          'sec-fetch-mode': 'cors',
          'sec-fetch-dest': 'empty',
          referer: 'http://localhost:9000/admin/dashboard',
          'accept-encoding': 'gzip, deflate, br',
          'accept-language': 'en-US,en;q=0.9',
          cookie: 'connect.sid=s%3Afg0UqB8Jshwr6N0shFP-c4jQn4kjqZyj.z6qYL8k%2B440scx3uVsK2YGe7SOvpUB0lZWnOxk7%2F7pg'
        },
        method: 'GET',
        httpVersion: '1.1',
        originalUrl: '/add-review-to-contract',
        query: {}
      },
      res: { statusCode: 500 },
      responseTime: 12
    },
    timestamp: '2023-09-24T06:23:37.160Z'
  }
}
{
  level: 'error',
  message: 'HTTP GET /add-review-to-contract',
  metadata: {
    meta: {
      req: {
        url: '/add-review-to-contract',
        headers: {
          host: 'localhost:9000',
          connection: 'keep-alive',
          'sec-ch-ua': '"Chromium";v="116", "Not)A;Brand";v="24", "Google Chrome";v="116"',
          'sec-ch-ua-mobile': '?0',
          'user-agent': 'Mozilla/5.0 (Windows NT 10.0; Win64; x64) AppleWebKit/537.36 (KHTML, like Gecko) Chrome/116.0.0.0 Safari/537.36',
          'sec-ch-ua-platform': '"Windows"',
          accept: '*/*',
          'sec-fetch-site': 'same-origin',
          'sec-fetch-mode': 'cors',
          'sec-fetch-dest': 'empty',
          referer: 'http://localhost:9000/admin/dashboard',
          'accept-encoding': 'gzip, deflate, br',
          'accept-language': 'en-US,en;q=0.9',
          cookie: 'connect.sid=s%3AJawbontmObXFU-tDxtsFtgGow1XOSLTV.LePoZgcutkFBh5hkHO9qBhfIZtb6HdQ9Oe9HJBzHX%2Bc'
        },
        method: 'GET',
        httpVersion: '1.1',
        originalUrl: '/add-review-to-contract',
        query: {}
      },
      res: { statusCode: 500 },
      responseTime: 13
    },
    timestamp: '2023-09-24T06:24:53.679Z'
  }
}
{
  level: 'error',
  message: 'HTTP GET /add-review-to-contract',
  metadata: {
    meta: {
      req: {
        url: '/add-review-to-contract',
        headers: {
          host: 'localhost:9000',
          connection: 'keep-alive',
          'sec-ch-ua': '"Chromium";v="116", "Not)A;Brand";v="24", "Google Chrome";v="116"',
          'sec-ch-ua-mobile': '?0',
          'user-agent': 'Mozilla/5.0 (Windows NT 10.0; Win64; x64) AppleWebKit/537.36 (KHTML, like Gecko) Chrome/116.0.0.0 Safari/537.36',
          'sec-ch-ua-platform': '"Windows"',
          accept: '*/*',
          'sec-fetch-site': 'same-origin',
          'sec-fetch-mode': 'cors',
          'sec-fetch-dest': 'empty',
          referer: 'http://localhost:9000/admin/dashboard',
          'accept-encoding': 'gzip, deflate, br',
          'accept-language': 'en-US,en;q=0.9',
          cookie: 'connect.sid=s%3A9aKaNNrMwft4n5NZM1fN196ZfsbLn4iN.8o%2BqfB7uUwNAkvhp4FcASB64%2B2JUnmIxh3kmkiIPTGc'
        },
        method: 'GET',
        httpVersion: '1.1',
        originalUrl: '/add-review-to-contract',
        query: {}
      },
      res: { statusCode: 500 },
      responseTime: 13
    },
    timestamp: '2023-09-24T06:26:35.680Z'
  }
}
{
  level: 'error',
  message: 'HTTP GET /add-review-to-contract',
  metadata: {
    meta: {
      req: {
        url: '/add-review-to-contract',
        headers: {
          host: 'localhost:9000',
          connection: 'keep-alive',
          'sec-ch-ua': '"Chromium";v="116", "Not)A;Brand";v="24", "Google Chrome";v="116"',
          'sec-ch-ua-mobile': '?0',
          'user-agent': 'Mozilla/5.0 (Windows NT 10.0; Win64; x64) AppleWebKit/537.36 (KHTML, like Gecko) Chrome/116.0.0.0 Safari/537.36',
          'sec-ch-ua-platform': '"Windows"',
          accept: '*/*',
          'sec-fetch-site': 'same-origin',
          'sec-fetch-mode': 'cors',
          'sec-fetch-dest': 'empty',
          referer: 'http://localhost:9000/admin/dashboard',
          'accept-encoding': 'gzip, deflate, br',
          'accept-language': 'en-US,en;q=0.9',
          cookie: 'connect.sid=s%3A9aKaNNrMwft4n5NZM1fN196ZfsbLn4iN.8o%2BqfB7uUwNAkvhp4FcASB64%2B2JUnmIxh3kmkiIPTGc'
        },
        method: 'GET',
        httpVersion: '1.1',
        originalUrl: '/add-review-to-contract',
        query: {}
      },
      res: { statusCode: 500 },
      responseTime: 12
    },
    timestamp: '2023-09-24T06:26:57.052Z'
  }
}
{
  level: 'error',
  message: 'HTTP GET /add-review-to-contract',
  metadata: {
    meta: {
      req: {
        url: '/add-review-to-contract',
        headers: {
          host: 'localhost:9000',
          connection: 'keep-alive',
          'sec-ch-ua': '"Chromium";v="116", "Not)A;Brand";v="24", "Google Chrome";v="116"',
          'sec-ch-ua-mobile': '?0',
          'user-agent': 'Mozilla/5.0 (Windows NT 10.0; Win64; x64) AppleWebKit/537.36 (KHTML, like Gecko) Chrome/116.0.0.0 Safari/537.36',
          'sec-ch-ua-platform': '"Windows"',
          accept: '*/*',
          'sec-fetch-site': 'same-origin',
          'sec-fetch-mode': 'cors',
          'sec-fetch-dest': 'empty',
          referer: 'http://localhost:9000/admin/dashboard',
          'accept-encoding': 'gzip, deflate, br',
          'accept-language': 'en-US,en;q=0.9',
          cookie: 'connect.sid=s%3Ap_wy3ccQ880I_-ZH-hBrg2H77TVzQf20.BIB6vRYDtKA5dXrp5t9C%2Fv99bc22mLKYD%2F4JDNyvH7U'
        },
        method: 'GET',
        httpVersion: '1.1',
        originalUrl: '/add-review-to-contract',
        query: {}
      },
      res: { statusCode: 500 },
      responseTime: 13
    },
    timestamp: '2023-09-24T06:28:06.289Z'
  }
}
{
  level: 'error',
  message: 'HTTP GET /get-reviews?farmID=123&treeID=1234',
  metadata: {
    meta: {
      req: {
        url: '/get-reviews?farmID=123&treeID=1234',
        headers: {
          'user-agent': 'PostmanRuntime/7.33.0',
          accept: '*/*',
          'postman-token': '4e5a4cd6-51ef-4243-826a-8c948279e0df',
          host: 'localhost:9000',
          'accept-encoding': 'gzip, deflate, br',
          connection: 'keep-alive',
          cookie: 'connect.sid=s%3ACzWYLMD36m54rs8nZL8zkKksXy1FzjY7.bK3JadBGqRW1HkLHiHobUdPmHMTykHONAVnGtQX5DXE'
        },
        method: 'GET',
        httpVersion: '1.1',
        originalUrl: '/get-reviews?farmID=123&treeID=1234',
        query: { farmID: '123', treeID: '1234' }
      },
      res: { statusCode: 500 },
      responseTime: 1026
    },
    timestamp: '2023-09-24T08:07:12.680Z'
  }
}
